<?xml version="1.0" encoding="utf-8"?><testsuites name="pytest tests"><testsuite name="pytest" errors="0" failures="0" skipped="0" tests="1132" time="145.017" timestamp="2026-05-06T11:56:46.077643+03:00" hostname="Abdelsalams-MacBook-M.local"><testcase classname="test_all_routes" name="test_route_smoke[GET api/v2/admin/analytics/daily-stats]" time="1.048" /><testcase classname="test_all_routes" name="test_route_smoke[GET api/v2/admin/installment-providers/{id}]" time="0.797" /><testcase classname="test_all_routes" name="test_route_smoke[POST api/v2/admin/data-management/database-backups/{backupId}/complete]" time="0.869" /><testcase classname="test_all_routes" name="test_route_smoke[DELETE api/v2/accessibility/preferences]" time="0.825" /><testcase classname="test_all_routes" name="test_route_smoke[POST api/v2/admin/financial-operations/account-mappings]" time="1.029" /><testcase classname="test_all_routes" name="test_route_smoke[GET api/v2/admin/billing/invoices/{invoiceId}]" time="1.290" /><testcase classname="test_all_routes" name="test_route_smoke[PUT api/v2/admin/financial-operations/gift-cards/{id}]" time="1.400" /><testcase classname="test_all_routes" name="test_route_smoke[GET api/v2/admin/permissions]" time="1.131" /><testcase classname="test_all_routes" name="test_route_smoke[PUT api/v2/admin/installment-providers/{id}]" time="0.958" /><testcase classname="test_all_routes" name="test_route_smoke[GET api/v2/accessibility/preferences]" time="1.051" /><testcase classname="test_all_routes" name="test_route_smoke[GET api/v2/admin/data-management/overview]" time="1.209" /><testcase classname="test_all_routes" name="test_route_smoke[DELETE api/v2/admin/financial-operations/account-mappings/{id}]" time="1.049" /><testcase classname="test_all_routes" name="test_route_smoke[GET api/v2/admin/analytics/dashboard]" time="1.030" /><testcase classname="test_all_routes" name="test_route_smoke[GET api/v2/admin/plans]" time="1.218" /><testcase classname="test_all_routes" name="test_route_smoke[POST api/v2/admin/billing/invoices/{invoiceId}/mark-paid]" time="1.329" /><testcase classname="test_all_routes" name="test_route_smoke[POST api/v2/admin/financial-operations/gift-cards/{id}/void]" time="1.202" /><testcase classname="test_all_routes" name="test_route_smoke[POST api/v2/admin/installment-providers/{id}/maintenance]" time="1.369" /><testcase classname="test_all_routes" name="test_route_smoke[PUT api/v2/accessibility/preferences]" time="1.265" /><testcase classname="test_all_routes" name="test_route_smoke[GET api/v2/admin/financial-operations/account-mappings/{id}]" time="1.172" /><testcase classname="test_all_routes" name="test_route_smoke[POST api/v2/admin/analytics/export/revenue]" time="0.931" /><testcase classname="test_all_routes" name="test_route_smoke[GET api/v2/admin/data-management/provider-backup-statuses]" time="1.571" /><testcase classname="test_all_routes" name="test_route_smoke[POST api/v2/admin/plans]" time="1.209" /><testcase classname="test_all_routes" name="test_route_smoke[GET api/v2/admin/financial-operations/overview]" time="1.047" /><testcase classname="test_all_routes" name="test_route_smoke[GET api/v2/admin/billing/invoices/{invoiceId}/pdf]" time="1.291" /><testcase classname="test_all_routes" name="test_route_smoke[POST api/v2/admin/analytics/export/stores]" time="0.921" /><testcase classname="test_all_routes" name="test_route_smoke[POST api/v2/admin/installment-providers/{id}/toggle]" time="0.918" /><testcase classname="test_all_routes" name="test_route_smoke[GET api/v2/accessibility/shortcuts]" time="1.223" /><testcase classname="test_all_routes" name="test_route_smoke[PUT api/v2/admin/financial-operations/account-mappings/{id}]" time="1.120" /><testcase classname="test_all_routes" name="test_route_smoke[GET api/v2/admin/plans/compare]" time="1.025" /><testcase classname="test_all_routes" name="test_route_smoke[GET api/v2/admin/financial-operations/payments]" time="1.114" /><testcase classname="test_all_routes" name="test_route_smoke[GET api/v2/admin/data-management/provider-backup-statuses/{statusId}]" time="1.263" /><testcase classname="test_all_routes" name="test_route_smoke[POST api/v2/admin/billing/invoices/{invoiceId}/refund]" time="0.964" /><testcase classname="test_all_routes" name="test_route_smoke[POST api/v2/admin/analytics/export/subscriptions]" time="1.077" /><testcase classname="test_all_routes" name="test_route_smoke[GET api/v2/admin/invoices]" time="1.039" /><testcase classname="test_all_routes" name="test_route_smoke[PUT api/v2/accessibility/shortcuts]" time="0.993" /><testcase classname="test_all_routes" name="test_route_smoke[GET api/v2/admin/financial-operations/accounting-configs]" time="0.954" /><testcase classname="test_all_routes" name="test_route_smoke[DELETE api/v2/admin/plans/{planId}]" time="1.064" /><testcase classname="test_all_routes" name="test_route_smoke[GET api/v2/admin/financial-operations/payments/{id}]" time="1.047" /><testcase classname="test_all_routes" name="test_route_smoke[GET api/v2/admin/billing/retry-rules]" time="0.900" /><testcase classname="test_all_routes" name="test_route_smoke[GET api/v2/admin/data-management/sync-conflicts]" time="0.960" /><testcase classname="test_all_routes" name="test_route_smoke[GET api/v2/admin/analytics/feature-stats]" time="0.964" /><testcase classname="test_all_routes" name="test_route_smoke[GET api/v2/admin/invoices/{invoiceId}]" time="0.980" /><testcase classname="test_all_routes" name="test_route_smoke[POST api/v2/admin/financial-operations/accounting-configs]" time="1.058" /><testcase classname="test_all_routes" name="test_route_smoke[GET api/v2/accounting/auto-export]" time="1.135" /><testcase classname="test_all_routes" name="test_route_smoke[GET api/v2/admin/plans/{planId}]" time="1.256" /><testcase classname="test_all_routes" name="test_route_smoke[PUT api/v2/admin/billing/retry-rules]" time="1.187" /><testcase classname="test_all_routes" name="test_route_smoke[GET api/v2/admin/financial-operations/product-sales-summary]" time="1.175" /><testcase classname="test_all_routes" name="test_route_smoke[GET api/v2/admin/data-management/sync-conflicts/{conflictId}]" time="1.272" /><testcase classname="test_all_routes" name="test_route_smoke[GET api/v2/admin/analytics/features]" time="1.101" /><testcase classname="test_all_routes" name="test_route_smoke[GET api/v2/admin/logs/activity]" time="1.107" /><testcase classname="test_all_routes" name="test_route_smoke[DELETE api/v2/admin/financial-operations/accounting-configs/{id}]" time="1.098" /><testcase classname="test_all_routes" name="test_route_smoke[PUT api/v2/accounting/auto-export]" time="1.143" /><testcase classname="test_all_routes" name="test_route_smoke[PUT api/v2/admin/plans/{planId}]" time="1.004" /><testcase classname="test_all_routes" name="test_route_smoke[GET api/v2/admin/billing/revenue]" time="0.975" /><testcase classname="test_all_routes" name="test_route_smoke[GET api/v2/admin/financial-operations/product-sales-summary/{id}]" time="1.018" /><testcase classname="test_all_routes" name="test_route_smoke[GET api/v2/admin/analytics/health]" time="0.998" /><testcase classname="test_all_routes" name="test_route_smoke[POST api/v2/admin/data-management/sync-conflicts/{conflictId}/resolve]" time="0.903" /><testcase classname="test_all_routes" name="test_route_smoke[GET api/v2/admin/logs/activity/{logId}]" time="0.972" /><testcase classname="test_all_routes" name="test_route_smoke[GET api/v2/admin/financial-operations/accounting-configs/{id}]" time="0.961" /><testcase classname="test_all_routes" name="test_route_smoke[POST api/v2/accounting/connect]" time="1.015" /><testcase classname="test_all_routes" name="test_route_smoke[POST api/v2/admin/plans/{planId}/toggle]" time="0.981" /><testcase classname="test_all_routes" name="test_route_smoke[GET api/v2/admin/content/announcements]" time="0.954" /><testcase classname="test_all_routes" name="test_route_smoke[GET api/v2/admin/financial-operations/refunds]" time="0.907" /><testcase classname="test_all_routes" name="test_route_smoke[GET api/v2/admin/data-management/sync-logs]" time="0.891" /><testcase classname="test_all_routes" name="test_route_smoke[GET api/v2/admin/analytics/notifications]" time="0.875" /><testcase classname="test_all_routes" name="test_route_smoke[GET api/v2/admin/logs/events]" time="0.830" /><testcase classname="test_all_routes" name="test_route_smoke[PUT api/v2/admin/financial-operations/accounting-configs/{id}]" time="0.985" /><testcase classname="test_all_routes" name="test_route_smoke[POST api/v2/accounting/disconnect]" time="0.988" /><testcase classname="test_all_routes" name="test_route_smoke[GET api/v2/admin/provider-roles/permissions]" time="0.715" /><testcase classname="test_all_routes" name="test_route_smoke[POST api/v2/admin/content/announcements]" time="0.781" /><testcase classname="test_all_routes" name="test_route_smoke[GET api/v2/admin/financial-operations/refunds/{id}]" time="0.777" /><testcase classname="test_all_routes" name="test_route_smoke[GET api/v2/admin/data-management/sync-logs/summary]" time="0.885" /><testcase classname="test_all_routes" name="test_route_smoke[GET api/v2/admin/analytics/plan-stats]" time="0.993" /><testcase classname="test_all_routes" name="test_route_smoke[POST api/v2/admin/logs/events]" time="1.009" /><testcase classname="test_all_routes" name="test_route_smoke[GET api/v2/admin/financial-operations/accounting-exports]" time="0.888" /><testcase classname="test_all_routes" name="test_route_smoke[GET api/v2/admin/provider-roles/templates]" time="0.874" /><testcase classname="test_all_routes" name="test_route_smoke[GET api/v2/accounting/exports]" time="0.984" /><testcase classname="test_all_routes" name="test_route_smoke[DELETE api/v2/admin/content/announcements/{announcementId}]" time="0.898" /><testcase classname="test_all_routes" name="test_route_smoke[POST api/v2/admin/financial-operations/refunds/{id}/process]" time="0.989" /><testcase classname="test_all_routes" name="test_route_smoke[GET api/v2/admin/data-management/sync-logs/{logId}]" time="1.009" /><testcase classname="test_all_routes" name="test_route_smoke[GET api/v2/admin/analytics/revenue]" time="1.148" /><testcase classname="test_all_routes" name="test_route_smoke[GET api/v2/admin/logs/events/{eventId}]" time="1.148" /><testcase classname="test_all_routes" name="test_route_smoke[POST api/v2/admin/financial-operations/accounting-exports]" time="1.072" /><testcase classname="test_all_routes" name="test_route_smoke[POST api/v2/admin/provider-roles/templates]" time="1.157" /><testcase classname="test_all_routes" name="test_route_smoke[GET api/v2/admin/content/announcements/{announcementId}]" time="1.211" /><testcase classname="test_all_routes" name="test_route_smoke[POST api/v2/accounting/exports]" time="1.164" /><testcase classname="test_all_routes" name="test_route_smoke[GET api/v2/admin/financial-operations/thawani-orders]" time="1.157" /><testcase classname="test_all_routes" name="test_route_smoke[GET api/v2/admin/deployment/overview]" time="1.202" /><testcase classname="test_all_routes" name="test_route_smoke[GET api/v2/admin/analytics/store-health]" time="1.005" /><testcase classname="test_all_routes" name="test_route_smoke[GET api/v2/admin/logs/health/checks]" time="1.058" /><testcase classname="test_all_routes" name="test_route_smoke[GET api/v2/admin/financial-operations/accounting-exports/{id}]" time="1.170" /><testcase classname="test_all_routes" name="test_route_smoke[DELETE api/v2/admin/provider-roles/templates/{id}]" time="0.979" /><testcase classname="test_all_routes" name="test_route_smoke[PUT api/v2/admin/content/announcements/{announcementId}]" time="1.032" /><testcase classname="test_all_routes" name="test_route_smoke[GET api/v2/accounting/exports/{id}]" time="1.170" /><testcase classname="test_all_routes" name="test_route_smoke[GET api/v2/admin/financial-operations/thawani-orders/{id}]" time="1.074" /><testcase classname="test_all_routes" name="test_route_smoke[GET api/v2/admin/deployment/releases]" time="1.242" /><testcase classname="test_all_routes" name="test_route_smoke[GET api/v2/admin/analytics/stores]" time="1.145" /><testcase classname="test_all_routes" name="test_route_smoke[POST api/v2/admin/logs/health/checks]" time="1.047" /><testcase classname="test_all_routes" name="test_route_smoke[POST api/v2/admin/financial-operations/accounting-exports/{id}/retry]" time="1.236" /><testcase classname="test_all_routes" name="test_route_smoke[GET api/v2/admin/provider-roles/templates/{id}]" time="1.121" /><testcase classname="test_all_routes" name="test_route_smoke[GET api/v2/admin/content/articles]" time="1.115" /><testcase classname="test_all_routes" name="test_route_smoke[GET api/v2/admin/financial-operations/thawani-settlements]" time="1.134" /><testcase classname="test_all_routes" name="test_route_smoke[POST api/v2/accounting/exports/{id}/retry]" time="1.172" /><testcase classname="test_all_routes" name="test_route_smoke[GET api/v2/admin/analytics/subscriptions]" time="0.980" /><testcase classname="test_all_routes" name="test_route_smoke[GET api/v2/admin/logs/health/dashboard]" time="0.981" /><testcase classname="test_all_routes" name="test_route_smoke[POST api/v2/admin/deployment/releases]" time="1.019" /><testcase classname="test_all_routes" name="test_route_smoke[PUT api/v2/admin/provider-roles/templates/{id}]" time="0.943" /><testcase classname="test_all_routes" name="test_route_smoke[GET api/v2/admin/financial-operations/auto-export-configs]" time="0.903" /><testcase classname="test_all_routes" name="test_route_smoke[POST api/v2/admin/content/articles]" time="0.972" /><testcase classname="test_all_routes" name="test_route_smoke[GET api/v2/admin/financial-operations/thawani-settlements/{id}]" time="0.893" /><testcase classname="test_all_routes" name="test_route_smoke[GET api/v2/accounting/mapping]" time="1.049" /><testcase classname="test_all_routes" name="test_route_smoke[GET api/v2/admin/analytics/support]" time="1.253" /><testcase classname="test_all_routes" name="test_route_smoke[GET api/v2/admin/logs/notifications]" time="1.212" /><testcase classname="test_all_routes" name="test_route_smoke[DELETE api/v2/admin/deployment/releases/{releaseId}]" time="1.207" /><testcase classname="test_all_routes" name="test_route_smoke[GET api/v2/admin/provider-roles/templates/{id}/permissions]" time="1.114" /><testcase classname="test_all_routes" name="test_route_smoke[POST api/v2/admin/financial-operations/auto-export-configs]" time="1.288" /><testcase classname="test_all_routes" name="test_route_smoke[DELETE api/v2/admin/content/articles/{articleId}]" time="1.450" /><testcase classname="test_all_routes" name="test_route_smoke[POST api/v2/admin/financial-operations/thawani-settlements/{id}/reconcile]" time="1.477" /><testcase classname="test_all_routes" name="test_route_smoke[PUT api/v2/accounting/mapping]" time="1.416" /><testcase classname="test_all_routes" name="test_route_smoke[GET api/v2/admin/logs/security-alerts]" time="1.489" /><testcase classname="test_all_routes" name="test_route_smoke[GET api/v2/admin/billing/failed-payments]" time="1.406" /><testcase classname="test_all_routes" name="test_route_smoke[GET api/v2/admin/deployment/releases/{releaseId}]" time="1.445" /><testcase classname="test_all_routes" name="test_route_smoke[PUT api/v2/admin/provider-roles/templates/{id}/permissions]" time="1.479" /><testcase classname="test_all_routes" name="test_route_smoke[DELETE api/v2/admin/financial-operations/auto-export-configs/{id}]" time="1.512" /><testcase classname="test_all_routes" name="test_route_smoke[GET api/v2/admin/content/articles/{articleId}]" time="1.486" /><testcase classname="test_all_routes" name="test_route_smoke[GET api/v2/admin/financial-operations/thawani-store-configs]" time="1.450" /><testcase classname="test_all_routes" name="test_route_smoke[DELETE api/v2/accounting/mapping/{id}]" time="1.727" /><testcase classname="test_all_routes" name="test_route_smoke[POST api/v2/admin/billing/failed-payments/{invoiceId}/retry]" time="1.527" /><testcase classname="test_all_routes" name="test_route_smoke[GET api/v2/admin/logs/security-alerts/{alertId}]" time="1.474" /><testcase classname="test_all_routes" name="test_route_smoke[PUT api/v2/admin/deployment/releases/{releaseId}]" time="1.467" /><testcase classname="test_all_routes" name="test_route_smoke[POST api/v2/admin/providers/notes]" time="1.311" /><testcase classname="test_all_routes" name="test_route_smoke[GET api/v2/admin/financial-operations/auto-export-configs/{id}]" time="1.585" /><testcase classname="test_all_routes" name="test_route_smoke[PUT api/v2/admin/content/articles/{articleId}]" time="1.360" /><testcase classname="test_all_routes" name="test_route_smoke[GET api/v2/admin/financial-operations/thawani-store-configs/{id}]" time="1.329" /><testcase classname="test_all_routes" name="test_route_smoke[GET api/v2/accounting/pos-account-keys]" time="1.318" /><testcase classname="test_all_routes" name="test_route_smoke[POST api/v2/admin/logs/security-alerts/{alertId}/resolve]" time="1.321" /><testcase classname="test_all_routes" name="test_route_smoke[GET api/v2/admin/billing/gateways]" time="1.329" /><testcase classname="test_all_routes" name="test_route_smoke[POST api/v2/admin/deployment/releases/{releaseId}/activate]" time="1.324" /><testcase classname="test_all_routes" name="test_route_smoke[GET api/v2/admin/providers/notes/{organizationId}]" time="1.135" /><testcase classname="test_all_routes" name="test_route_smoke[PUT api/v2/admin/financial-operations/auto-export-configs/{id}]" time="1.178" /><testcase classname="test_all_routes" name="test_route_smoke[POST api/v2/admin/infrastructure/cache/flush]" time="1.230" /><testcase classname="test_all_routes" name="test_route_smoke[POST api/v2/admin/content/articles/{articleId}/publish]" time="1.101" /><testcase classname="test_all_routes" name="test_route_smoke[POST api/v2/accounting/refresh-token]" time="1.036" /><testcase classname="test_all_routes" name="test_route_smoke[GET api/v2/admin/logs/stats]" time="1.055" /><testcase classname="test_all_routes" name="test_route_smoke[GET api/v2/admin/providers/registrations]" time="0.982" /><testcase classname="test_all_routes" name="test_route_smoke[POST api/v2/admin/billing/gateways]" time="1.023" /><testcase classname="test_all_routes" name="test_route_smoke[POST api/v2/admin/deployment/releases/{releaseId}/deactivate]" time="1.046" /><testcase classname="test_all_routes" name="test_route_smoke[GET api/v2/admin/financial-operations/cash-events]" time="0.763" /><testcase classname="test_all_routes" name="test_route_smoke[GET api/v2/admin/content/pages]" time="0.960" /><testcase classname="test_all_routes" name="test_route_smoke[GET api/v2/admin/infrastructure/cache/stats]" time="0.802" /><testcase classname="test_all_routes" name="test_route_smoke[GET api/v2/accounting/status]" time="1.024" /><testcase classname="test_all_routes" name="test_route_smoke[POST api/v2/admin/providers/registrations/{registrationId}/approve]" time="0.862" /><testcase classname="test_all_routes" name="test_route_smoke[DELETE api/v2/admin/billing/gateways/{gatewayId}]" time="1.031" /><testcase classname="test_all_routes" name="test_route_smoke[GET api/v2/admin/logs/store-health]" time="0.941" /><testcase classname="test_all_routes" name="test_route_smoke[PUT api/v2/admin/deployment/releases/{releaseId}/rollout]" time="0.916" /><testcase classname="test_all_routes" name="test_route_smoke[GET api/v2/admin/financial-operations/cash-events/{id}]" time="1.025" /><testcase classname="test_all_routes" name="test_route_smoke[GET api/v2/admin/infrastructure/database-backups]" time="0.833" /><testcase classname="test_all_routes" name="test_route_smoke[POST api/v2/admin/content/pages]" time="0.987" /><testcase classname="test_all_routes" name="test_route_smoke[POST api/v2/admin/providers/registrations/{registrationId}/reject]" time="0.631" /><testcase classname="test_all_routes" name="test_route_smoke[GET api/v2/admin/ab-tests]" time="0.954" /><testcase classname="test_all_routes" name="test_route_smoke[GET api/v2/admin/deployment/releases/{releaseId}/stats]" time="0.997" /><testcase classname="test_all_routes" name="test_route_smoke[GET api/v2/admin/marketplace/orders]" time="0.961" /><testcase classname="test_all_routes" name="test_route_smoke[GET api/v2/admin/billing/gateways/{gatewayId}]" time="0.909" /><testcase classname="test_all_routes" name="test_route_smoke[GET api/v2/admin/financial-operations/cash-sessions]" time="0.868" /><testcase classname="test_all_routes" name="test_route_smoke[GET api/v2/admin/infrastructure/database-backups/{id}]" time="0.806" /><testcase classname="test_all_routes" name="test_route_smoke[GET api/v2/admin/providers/stores]" time="0.925" /><testcase classname="test_all_routes" name="test_route_smoke[DELETE api/v2/admin/content/pages/{pageId}]" time="0.941" /><testcase classname="test_all_routes" name="test_route_smoke[POST api/v2/admin/ab-tests]" time="0.979" /><testcase classname="test_all_routes" name="test_route_smoke[GET api/v2/admin/marketplace/orders/{orderId}]" time="0.989" /><testcase classname="test_all_routes" name="test_route_smoke[PUT api/v2/admin/billing/gateways/{gatewayId}]" time="1.042" /><testcase classname="test_all_routes" name="test_route_smoke[POST api/v2/admin/deployment/releases/{releaseId}/stats]" time="0.969" /><testcase classname="test_all_routes" name="test_route_smoke[GET api/v2/admin/infrastructure/failed-jobs]" time="0.893" /><testcase classname="test_all_routes" name="test_route_smoke[GET api/v2/admin/financial-operations/cash-sessions/{id}]" time="1.032" /><testcase classname="test_all_routes" name="test_route_smoke[POST api/v2/admin/providers/stores/create]" time="0.968" /><testcase classname="test_all_routes" name="test_route_smoke[GET api/v2/admin/content/pages/{pageId}]" time="0.949" /><testcase classname="test_all_routes" name="test_route_smoke[DELETE api/v2/admin/ab-tests/{testId}]" time="1.060" /><testcase classname="test_all_routes" name="test_route_smoke[GET api/v2/admin/marketplace/products]" time="0.990" /><testcase classname="test_all_routes" name="test_route_smoke[GET api/v2/admin/deployment/releases/{releaseId}/summary]" time="0.996" /><testcase classname="test_all_routes" name="test_route_smoke[POST api/v2/admin/billing/gateways/{gatewayId}/test]" time="0.930" /><testcase classname="test_all_routes" name="test_route_smoke[DELETE api/v2/admin/infrastructure/failed-jobs/{id}]" time="0.963" /><testcase classname="test_all_routes" name="test_route_smoke[POST api/v2/admin/financial-operations/cash-sessions/{id}/force-close]" time="0.807" /><testcase classname="test_all_routes" name="test_route_smoke[POST api/v2/admin/providers/stores/export]" time="0.812" /><testcase classname="test_all_routes" name="test_route_smoke[PUT api/v2/admin/content/pages/{pageId}]" time="1.026" /><testcase classname="test_all_routes" name="test_route_smoke[POST api/v2/admin/marketplace/products/bulk-publish]" time="1.042" /><testcase classname="test_all_routes" name="test_route_smoke[GET api/v2/admin/discounts]" time="1.072" /><testcase classname="test_all_routes" name="test_route_smoke[GET api/v2/admin/billing/hardware-sales]" time="1.032" /><testcase classname="test_all_routes" name="test_route_smoke[GET api/v2/admin/ab-tests/{testId}]" time="0.994" /><testcase classname="test_all_routes" name="test_route_smoke[GET api/v2/admin/infrastructure/failed-jobs/{id}]" time="0.959" /><testcase classname="test_all_routes" name="test_route_smoke[GET api/v2/admin/financial-operations/daily-sales-summary]" time="0.971" /><testcase classname="test_all_routes" name="test_route_smoke[GET api/v2/admin/providers/stores/{storeId}]" time="0.818" /><testcase classname="test_all_routes" name="test_route_smoke[POST api/v2/admin/content/pages/{pageId}/publish]" time="1.033" /><testcase classname="test_all_routes" name="test_route_smoke[POST api/v2/admin/infrastructure/failed-jobs/{id}/retry]" time="0.604" /><testcase classname="test_all_routes" name="test_route_smoke[PUT api/v2/admin/ab-tests/{testId}]" time="0.724" /><testcase classname="test_all_routes" name="test_route_smoke[GET api/v2/admin/marketplace/products/{mappingId}]" time="0.788" /><testcase classname="test_all_routes" name="test_route_smoke[POST api/v2/admin/billing/hardware-sales]" time="1.007" /><testcase classname="test_all_routes" name="test_route_smoke[POST api/v2/admin/providers/stores/{storeId}/activate]" time="0.988" /><testcase classname="test_all_routes" name="test_route_smoke[GET api/v2/admin/financial-operations/daily-sales-summary/{id}]" time="0.979" /><testcase classname="test_all_routes" name="test_route_smoke[POST api/v2/admin/discounts]" time="0.810" /><testcase classname="test_all_routes" name="test_route_smoke[GET api/v2/admin/content/templates]" time="0.750" /><testcase classname="test_all_routes" name="test_route_smoke[GET api/v2/admin/infrastructure/health-checks]" time="1.012" /><testcase classname="test_all_routes" name="test_route_smoke[GET api/v2/admin/ab-tests/{testId}/results]" time="0.964" /><testcase classname="test_all_routes" name="test_route_smoke[PUT api/v2/admin/marketplace/products/{mappingId}]" time="0.843" /><testcase classname="test_all_routes" name="test_route_smoke[DELETE api/v2/admin/discounts/{discountId}]" time="0.821" /><testcase classname="test_all_routes" name="test_route_smoke[GET api/v2/admin/providers/stores/{storeId}/limits]" time="0.810" /><testcase classname="test_all_routes" name="test_route_smoke[DELETE api/v2/admin/billing/hardware-sales/{saleId}]" time="0.773" /><testcase classname="test_all_routes" name="test_route_smoke[GET api/v2/admin/financial-operations/expenses]" time="0.927" /><testcase classname="test_all_routes" name="test_route_smoke[POST api/v2/admin/content/templates]" time="1.037" /><testcase classname="test_all_routes" name="test_route_smoke[GET api/v2/admin/infrastructure/health-checks/{id}]" time="1.113" /><testcase classname="test_all_routes" name="test_route_smoke[GET api/v2/admin/marketplace/settlements]" time="0.956" /><testcase classname="test_all_routes" name="test_route_smoke[GET api/v2/admin/discounts/{discountId}]" time="1.108" /><testcase classname="test_all_routes" name="test_route_smoke[POST api/v2/admin/ab-tests/{testId}/start]" time="0.903" /><testcase classname="test_all_routes" name="test_route_smoke[GET api/v2/admin/billing/hardware-sales/{saleId}]" time="0.951" /><testcase classname="test_all_routes" name="test_route_smoke[POST api/v2/admin/providers/stores/{storeId}/limits]" time="0.904" /><testcase classname="test_all_routes" name="test_route_smoke[POST api/v2/admin/financial-operations/expenses]" time="0.965" /><testcase classname="test_all_routes" name="test_route_smoke[DELETE api/v2/admin/content/templates/{templateId}]" time="1.023" /><testcase classname="test_all_routes" name="test_route_smoke[GET api/v2/admin/marketplace/settlements/summary]" time="1.139" /><testcase classname="test_all_routes" name="test_route_smoke[POST api/v2/admin/ab-tests/{testId}/stop]" time="0.959" /><testcase classname="test_all_routes" name="test_route_smoke[GET api/v2/admin/infrastructure/overview]" time="1.012" /><testcase classname="test_all_routes" name="test_route_smoke[DELETE api/v2/admin/providers/stores/{storeId}/limits/{limitKey}]" time="0.971" /><testcase classname="test_all_routes" name="test_route_smoke[PUT api/v2/admin/billing/hardware-sales/{saleId}]" time="1.023" /><testcase classname="test_all_routes" name="test_route_smoke[PUT api/v2/admin/discounts/{discountId}]" time="1.022" /><testcase classname="test_all_routes" name="test_route_smoke[DELETE api/v2/admin/financial-operations/expenses/{id}]" time="0.990" /><testcase classname="test_all_routes" name="test_route_smoke[GET api/v2/admin/content/templates/{templateId}]" time="1.006" /><testcase classname="test_all_routes" name="test_route_smoke[POST api/v2/admin/ab-tests/{testId}/variants]" time="0.988" /><testcase classname="test_all_routes" name="test_route_smoke[GET api/v2/admin/providers/stores/{storeId}/metrics]" time="1.054" /><testcase classname="test_all_routes" name="test_route_smoke[GET api/v2/admin/infrastructure/provider-backups]" time="1.023" /><testcase classname="test_all_routes" name="test_route_smoke[GET api/v2/admin/marketplace/settlements/{settlementId}]" time="1.027" /><testcase classname="test_all_routes" name="test_route_smoke[GET api/v2/admin/billing/implementation-fees]" time="1.039" /><testcase classname="test_all_routes" name="test_route_smoke[GET api/v2/admin/feature-flags]" time="0.935" /><testcase classname="test_all_routes" name="test_route_smoke[GET api/v2/admin/financial-operations/expenses/{id}]" time="0.924" /><testcase classname="test_all_routes" name="test_route_smoke[PUT api/v2/admin/content/templates/{templateId}]" time="0.661" /><testcase classname="test_all_routes" name="test_route_smoke[DELETE api/v2/admin/ab-tests/{testId}/variants/{variantId}]" time="0.749" /><testcase classname="test_all_routes" name="test_route_smoke[POST api/v2/admin/feature-flags]" time="1.057" /><testcase classname="test_all_routes" name="test_route_smoke[GET api/v2/admin/infrastructure/provider-backups/{id}]" time="1.035" /><testcase classname="test_all_routes" name="test_route_smoke[GET api/v2/admin/marketplace/stores]" time="1.054" /><testcase classname="test_all_routes" name="test_route_smoke[POST api/v2/admin/providers/stores/{storeId}/suspend]" time="0.996" /><testcase classname="test_all_routes" name="test_route_smoke[POST api/v2/admin/billing/implementation-fees]" time="1.034" /><testcase classname="test_all_routes" name="test_route_smoke[PUT api/v2/admin/financial-operations/expenses/{id}]" time="1.005" /><testcase classname="test_all_routes" name="test_route_smoke[POST api/v2/admin/content/templates/{templateId}/toggle]" time="0.903" /><testcase classname="test_all_routes" name="test_route_smoke[GET api/v2/admin/activity-log]" time="0.775" /><testcase classname="test_all_routes" name="test_route_smoke[GET api/v2/admin/revenue-dashboard]" time="0.643" /><testcase classname="test_all_routes" name="test_route_smoke[GET api/v2/admin/infrastructure/server-metrics]" time="1.014" /><testcase classname="test_all_routes" name="test_route_smoke[GET api/v2/admin/feature-flags/stats]" time="0.615" /><testcase classname="test_all_routes" name="test_route_smoke[GET api/v2/admin/marketplace/stores/{configId}]" time="0.971" /><testcase classname="test_all_routes" name="test_route_smoke[GET api/v2/admin/financial-operations/gift-card-transactions]" time="0.974" /><testcase classname="test_all_routes" name="test_route_smoke[DELETE api/v2/admin/billing/implementation-fees/{feeId}]" time="0.961" /><testcase classname="test_all_routes" name="test_route_smoke[GET api/v2/admin/data-management/backup-history]" time="0.893" /><testcase classname="test_all_routes" name="test_route_smoke[GET api/v2/admin/add-ons]" time="0.756" /><testcase classname="test_all_routes" name="test_route_smoke[GET api/v2/admin/roles]" time="0.909" /><testcase classname="test_all_routes" name="test_route_smoke[DELETE api/v2/admin/feature-flags/{flagId}]" time="0.997" /><testcase classname="test_all_routes" name="test_route_smoke[GET api/v2/admin/data-management/backup-history/{itemId}]" time="0.920" /><testcase classname="test_all_routes" name="test_route_smoke[PUT api/v2/admin/marketplace/stores/{configId}]" time="1.049" /><testcase classname="test_all_routes" name="test_route_smoke[GET api/v2/admin/infrastructure/storage-usage]" time="0.922" /><testcase classname="test_all_routes" name="test_route_smoke[GET api/v2/admin/billing/implementation-fees/{feeId}]" time="0.922" /><testcase classname="test_all_routes" name="test_route_smoke[GET api/v2/admin/financial-operations/gift-card-transactions/{id}]" time="1.026" /><testcase classname="test_all_routes" name="test_route_smoke[POST api/v2/admin/add-ons]" time="1.012" /><testcase classname="test_all_routes" name="test_route_smoke[POST api/v2/admin/roles]" time="0.956" /><testcase classname="test_all_routes" name="test_route_smoke[GET api/v2/admin/feature-flags/{flagId}]" time="1.173" /><testcase classname="test_all_routes" name="test_route_smoke[GET api/v2/admin/data-management/database-backups]" time="1.025" /><testcase classname="test_all_routes" name="test_route_smoke[GET api/v2/admin/infrastructure/system-settings]" time="0.906" /><testcase classname="test_all_routes" name="test_route_smoke[PUT api/v2/admin/billing/implementation-fees/{feeId}]" time="1.037" /><testcase classname="test_all_routes" name="test_route_smoke[DELETE api/v2/admin/add-ons/{addOnId}]" time="1.121" /><testcase classname="test_all_routes" name="test_route_smoke[POST api/v2/admin/marketplace/stores/{configId}/disconnect]" time="1.211" /><testcase classname="test_all_routes" name="test_route_smoke[GET api/v2/admin/financial-operations/gift-cards]" time="0.951" /><testcase classname="test_all_routes" name="test_route_smoke[DELETE api/v2/admin/roles/{roleId}]" time="1.188" /><testcase classname="test_all_routes" name="test_route_smoke[PUT api/v2/admin/feature-flags/{flagId}]" time="0.914" /><testcase classname="test_all_routes" name="test_route_smoke[GET api/v2/admin/infrastructure/system-settings/{id}]" time="0.946" /><testcase classname="test_all_routes" name="test_route_smoke[POST api/v2/admin/data-management/database-backups]" time="0.868" /><testcase classname="test_all_routes" name="test_route_smoke[GET api/v2/admin/billing/invoices]" time="0.993" /><testcase classname="test_all_routes" name="test_route_smoke[POST api/v2/admin/financial-operations/gift-cards]" time="1.184" /><testcase classname="test_all_routes" name="test_route_smoke[GET api/v2/admin/add-ons/{addOnId}]" time="1.005" /><testcase classname="test_all_routes" name="test_route_smoke[POST api/v2/admin/marketplace/stores/{storeId}/connect]" time="0.950" /><testcase classname="test_all_routes" name="test_route_smoke[GET api/v2/admin/roles/{roleId}]" time="0.999" /><testcase classname="test_all_routes" name="test_route_smoke[POST api/v2/admin/feature-flags/{flagId}/toggle]" time="0.950" /><testcase classname="test_all_routes" name="test_route_smoke[GET api/v2/admin/installment-providers]" time="0.955" /><testcase classname="test_all_routes" name="test_route_smoke[GET api/v2/admin/data-management/database-backups/{backupId}]" time="0.926" /><testcase classname="test_all_routes" name="test_route_smoke[POST api/v2/admin/billing/invoices]" time="0.801" /><testcase classname="test_all_routes" name="test_route_smoke[PUT api/v2/admin/add-ons/{addOnId}]" time="1.017" /><testcase classname="test_all_routes" name="test_route_smoke[GET api/v2/admin/financial-operations/gift-cards/{id}]" time="1.024" /><testcase classname="test_all_routes" name="test_route_smoke[GET api/v2/admin/me]" time="1.019" /><testcase classname="test_all_routes" name="test_route_smoke[PUT api/v2/admin/roles/{roleId}]" time="1.142" /><testcase classname="test_all_routes" name="test_route_smoke[GET api/v2/admin/financial-operations/account-mappings]" time="0.788" /><testcase classname="test_all_routes" name="test_route_smoke[GET api/v2/admin/wameed-ai/platform-logs]" time="1.070" /><testcase classname="test_all_routes" name="test_route_smoke[POST api/v2/admin/team/{userId}/deactivate]" time="1.028" /><testcase classname="test_all_routes" name="test_route_smoke[GET api/v2/cash-sessions]" time="1.135" /><testcase classname="test_all_routes" name="test_route_smoke[PUT api/v2/catalog/products/{product}/variants]" time="0.930" /><testcase classname="test_all_routes" name="test_route_smoke[POST api/v2/core/onboarding/reset]" time="1.071" /><testcase classname="test_all_routes" name="test_route_smoke[GET api/v2/customization/export]" time="1.080" /><testcase classname="test_all_routes" name="test_route_smoke[GET api/v2/delivery/sync-logs]" time="0.942" /><testcase classname="test_all_routes" name="test_route_smoke[GET api/v2/admin/terminals]" time="0.750" /><testcase classname="test_all_routes" name="test_route_smoke[POST api/v2/admin/wameed-ai/platform-trends]" time="0.954" /><testcase classname="test_all_routes" name="test_route_smoke[GET api/v2/admin/security-center/alerts]" time="0.954" /><testcase classname="test_all_routes" name="test_route_smoke[POST api/v2/cash-sessions]" time="0.931" /><testcase classname="test_all_routes" name="test_route_smoke[GET api/v2/catalog/suppliers]" time="0.729" /><testcase classname="test_all_routes" name="test_route_smoke[POST api/v2/core/onboarding/skip]" time="1.145" /><testcase classname="test_all_routes" name="test_route_smoke[DELETE api/v2/customization/quick-access]" time="1.108" /><testcase classname="test_all_routes" name="test_route_smoke[GET api/v2/delivery/webhook-logs]" time="0.999" /><testcase classname="test_all_routes" name="test_route_smoke[POST api/v2/admin/terminals]" time="0.895" /><testcase classname="test_all_routes" name="test_route_smoke[GET api/v2/admin/security-center/alerts/{alertId}]" time="0.856" /><testcase classname="test_all_routes" name="test_route_smoke[GET api/v2/admin/wameed-ai/platform-usage]" time="0.747" /><testcase classname="test_all_routes" name="test_route_smoke[GET api/v2/cash-sessions/{id}]" time="1.129" /><testcase classname="test_all_routes" name="test_route_smoke[POST api/v2/catalog/suppliers]" time="1.041" /><testcase classname="test_all_routes" name="test_route_smoke[POST api/v2/delivery/webhook/{platform}/{storeId}]" time="0.594" /><testcase classname="test_all_routes" name="test_route_smoke[GET api/v2/customization/quick-access]" time="1.146" /><testcase classname="test_all_routes" name="test_route_smoke[GET api/v2/admin/terminals/stats]" time="1.110" /><testcase classname="test_all_routes" name="test_route_smoke[GET api/v2/core/onboarding/steps]" time="1.050" /><testcase classname="test_all_routes" name="test_route_smoke[GET api/v2/admin/wameed-ai/providers]" time="1.046" /><testcase classname="test_all_routes" name="test_route_smoke[POST api/v2/admin/security-center/alerts/{alertId}/resolve]" time="0.951" /><testcase classname="test_all_routes" name="test_route_smoke[DELETE api/v2/catalog/suppliers/{supplier}]" time="1.118" /><testcase classname="test_all_routes" name="test_route_smoke[PUT api/v2/cash-sessions/{id}/close]" time="1.173" /><testcase classname="test_all_routes" name="test_route_smoke[GET api/v2/expenses]" time="1.163" /><testcase classname="test_all_routes" name="test_route_smoke[GET api/v2/core/stores]" time="1.027" /><testcase classname="test_all_routes" name="test_route_smoke[DELETE api/v2/admin/terminals/{register}]" time="1.040" /><testcase classname="test_all_routes" name="test_route_smoke[POST api/v2/admin/wameed-ai/providers]" time="1.045" /><testcase classname="test_all_routes" name="test_route_smoke[PUT api/v2/customization/quick-access]" time="1.067" /><testcase classname="test_all_routes" name="test_route_smoke[GET api/v2/admin/security-center/audit-logs]" time="0.986" /><testcase classname="test_all_routes" name="test_route_smoke[GET api/v2/catalog/suppliers/{supplier}]" time="0.970" /><testcase classname="test_all_routes" name="test_route_smoke[GET api/v2/cashier-gamification/anomalies]" time="1.094" /><testcase classname="test_all_routes" name="test_route_smoke[POST api/v2/expenses]" time="1.150" /><testcase classname="test_all_routes" name="test_route_smoke[POST api/v2/core/stores]" time="0.962" /><testcase classname="test_all_routes" name="test_route_smoke[GET api/v2/admin/security-center/audit-logs/{logId}]" time="0.871" /><testcase classname="test_all_routes" name="test_route_smoke[GET api/v2/admin/terminals/{register}]" time="0.857" /><testcase classname="test_all_routes" name="test_route_smoke[PUT api/v2/admin/wameed-ai/providers/{id}]" time="0.871" /><testcase classname="test_all_routes" name="test_route_smoke[DELETE api/v2/customization/receipt]" time="0.877" /><testcase classname="test_all_routes" name="test_route_smoke[PUT api/v2/catalog/suppliers/{supplier}]" time="0.991" /><testcase classname="test_all_routes" name="test_route_smoke[POST api/v2/cashier-gamification/anomalies/{anomalyId}/review]" time="0.834" /><testcase classname="test_all_routes" name="test_route_smoke[GET api/v2/finance/daily-summary]" time="0.957" /><testcase classname="test_all_routes" name="test_route_smoke[GET api/v2/admin/security-center/devices]" time="0.741" /><testcase classname="test_all_routes" name="test_route_smoke[PUT api/v2/admin/terminals/{register}]" time="0.809" /><testcase classname="test_all_routes" name="test_route_smoke[GET api/v2/core/stores/managers]" time="1.137" /><testcase classname="test_all_routes" name="test_route_smoke[POST api/v2/admin/wameed-ai/store-health]" time="1.070" /><testcase classname="test_all_routes" name="test_route_smoke[GET api/v2/customization/receipt]" time="1.093" /><testcase classname="test_all_routes" name="test_route_smoke[GET api/v2/cfd/config]" time="0.787" /><testcase classname="test_all_routes" name="test_route_smoke[GET api/v2/cashier-gamification/badge-awards]" time="0.833" /><testcase classname="test_all_routes" name="test_route_smoke[GET api/v2/admin/security-center/devices/{deviceId}]" time="0.887" /><testcase classname="test_all_routes" name="test_route_smoke[POST api/v2/admin/terminals/{register}/activate-softpos]" time="0.874" /><testcase classname="test_all_routes" name="test_route_smoke[GET api/v2/finance/reconciliation]" time="0.938" /><testcase classname="test_all_routes" name="test_route_smoke[GET api/v2/announcements]" time="1.173" /><testcase classname="test_all_routes" name="test_route_smoke[GET api/v2/core/stores/mine]" time="1.152" /><testcase classname="test_all_routes" name="test_route_smoke[PUT api/v2/customization/receipt]" time="1.089" /><testcase classname="test_all_routes" name="test_route_smoke[PUT api/v2/cfd/config]" time="1.178" /><testcase classname="test_all_routes" name="test_route_smoke[GET api/v2/cashier-gamification/badges]" time="1.191" /><testcase classname="test_all_routes" name="test_route_smoke[POST api/v2/admin/security-center/devices/{deviceId}/wipe]" time="1.090" /><testcase classname="test_all_routes" name="test_route_smoke[POST api/v2/admin/terminals/{register}/deactivate-softpos]" time="0.983" /><testcase classname="test_all_routes" name="test_route_smoke[GET api/v2/gamification/badges]" time="1.200" /><testcase classname="test_all_routes" name="test_route_smoke[DELETE api/v2/customization/settings]" time="1.091" /><testcase classname="test_all_routes" name="test_route_smoke[POST api/v2/announcements/{id}/dismiss]" time="1.093" /><testcase classname="test_all_routes" name="test_route_smoke[PUT api/v2/core/stores/sort-order]" time="1.058" /><testcase classname="test_all_routes" name="test_route_smoke[GET api/v2/companion/branches]" time="0.637" /><testcase classname="test_all_routes" name="test_route_smoke[POST api/v2/cashier-gamification/badges]" time="1.006" /><testcase classname="test_all_routes" name="test_route_smoke[PUT api/v2/admin/terminals/{register}/fees]" time="1.000" /><testcase classname="test_all_routes" name="test_route_smoke[GET api/v2/admin/security-center/ip-allowlist]" time="0.999" /><testcase classname="test_all_routes" name="test_route_smoke[GET api/v2/gamification/challenges]" time="1.046" /><testcase classname="test_all_routes" name="test_route_smoke[GET api/v2/companion/dashboard]" time="0.658" /><testcase classname="test_all_routes" name="test_route_smoke[GET api/v2/customization/settings]" time="1.039" /><testcase classname="test_all_routes" name="test_route_smoke[GET api/v2/appointments]" time="0.971" /><testcase classname="test_all_routes" name="test_route_smoke[GET api/v2/core/stores/stats]" time="1.197" /><testcase classname="test_all_routes" name="test_route_smoke[POST api/v2/admin/terminals/{register}/suspend-softpos]" time="0.959" /><testcase classname="test_all_routes" name="test_route_smoke[POST api/v2/cashier-gamification/badges/seed]" time="1.051" /><testcase classname="test_all_routes" name="test_route_smoke[POST api/v2/admin/security-center/ip-allowlist]" time="1.108" /><testcase classname="test_all_routes" name="test_route_smoke[POST api/v2/companion/events]" time="0.580" /><testcase classname="test_all_routes" name="test_route_smoke[GET api/v2/gamification/customer/{customerId}/badges]" time="0.885" /><testcase classname="test_all_routes" name="test_route_smoke[POST api/v2/appointments]" time="0.919" /><testcase classname="test_all_routes" name="test_route_smoke[GET api/v2/companion/inventory/alerts]" time="0.597" /><testcase classname="test_all_routes" name="test_route_smoke[PUT api/v2/customization/settings]" time="1.022" /><testcase classname="test_all_routes" name="test_route_smoke[DELETE api/v2/core/stores/{id}]" time="0.908" /><testcase classname="test_all_routes" name="test_route_smoke[POST api/v2/admin/terminals/{register}/toggle-status]" time="0.929" /><testcase classname="test_all_routes" name="test_route_smoke[DELETE api/v2/cashier-gamification/badges/{badgeId}]" time="1.143" /><testcase classname="test_all_routes" name="test_route_smoke[DELETE api/v2/admin/security-center/ip-allowlist/{entryId}]" time="0.998" /><testcase classname="test_all_routes" name="test_route_smoke[GET api/v2/gamification/customer/{customerId}/progress]" time="0.962" /><testcase classname="test_all_routes" name="test_route_smoke[GET api/v2/companion/orders/active]" time="0.782" /><testcase classname="test_all_routes" name="test_route_smoke[PUT api/v2/appointments/{id}]" time="0.864" /><testcase classname="test_all_routes" name="test_route_smoke[GET api/v2/debits]" time="0.972" /><testcase classname="test_all_routes" name="test_route_smoke[GET api/v2/core/stores/{id}]" time="0.888" /><testcase classname="test_all_routes" name="test_route_smoke[GET api/v2/admin/users/admins]" time="0.811" /><testcase classname="test_all_routes" name="test_route_smoke[GET api/v2/companion/preferences]" time="0.523" /><testcase classname="test_all_routes" name="test_route_smoke[GET api/v2/admin/security-center/ip-blocklist]" time="0.735" /><testcase classname="test_all_routes" name="test_route_smoke[PUT api/v2/cashier-gamification/badges/{badgeId}]" time="1.033" /><testcase classname="test_all_routes" name="test_route_smoke[GET api/v2/gamification/tiers]" time="0.951" /><testcase classname="test_all_routes" name="test_route_smoke[POST api/v2/appointments/{id}/cancel]" time="0.752" /><testcase classname="test_all_routes" name="test_route_smoke[PUT api/v2/companion/preferences]" time="0.525" /><testcase classname="test_all_routes" name="test_route_smoke[POST api/v2/admin/users/admins]" time="1.049" /><testcase classname="test_all_routes" name="test_route_smoke[PUT api/v2/core/stores/{id}]" time="1.027" /><testcase classname="test_all_routes" name="test_route_smoke[POST api/v2/debits]" time="1.061" /><testcase classname="test_all_routes" name="test_route_smoke[POST api/v2/admin/security-center/ip-blocklist]" time="0.942" /><testcase classname="test_all_routes" name="test_route_smoke[POST api/v2/gift-cards]" time="1.095" /><testcase classname="test_all_routes" name="test_route_smoke[GET api/v2/companion/quick-actions]" time="0.631" /><testcase classname="test_all_routes" name="test_route_smoke[POST api/v2/auth/login]" time="0.534" /><testcase classname="test_all_routes" name="test_route_smoke[GET api/v2/cashier-gamification/cashier/{cashierId}/history]" time="1.059" /><testcase classname="test_all_routes" name="test_route_smoke[POST api/v2/core/stores/{id}/business-type]" time="1.068" /><testcase classname="test_all_routes" name="test_route_smoke[GET api/v2/admin/users/admins/{userId}]" time="1.032" /><testcase classname="test_all_routes" name="test_route_smoke[POST api/v2/auth/login/pin]" time="0.511" /><testcase classname="test_all_routes" name="test_route_smoke[PUT api/v2/companion/quick-actions]" time="0.614" /><testcase classname="test_all_routes" name="test_route_smoke[GET api/v2/debits/customer/{customerId}]" time="1.036" /><testcase classname="test_all_routes" name="test_route_smoke[DELETE api/v2/admin/security-center/ip-blocklist/{entryId}]" time="1.024" /><testcase classname="test_all_routes" name="test_route_smoke[GET api/v2/gift-cards/{code}/balance]" time="1.151" /><testcase classname="test_all_routes" name="test_route_smoke[POST api/v2/auth/logout]" time="1.186" /><testcase classname="test_all_routes" name="test_route_smoke[POST api/v2/cashier-gamification/generate-snapshot]" time="1.154" /><testcase classname="test_all_routes" name="test_route_smoke[GET api/v2/companion/quick-stats]" time="0.593" /><testcase classname="test_all_routes" name="test_route_smoke[PUT api/v2/admin/users/admins/{userId}]" time="1.114" /><testcase classname="test_all_routes" name="test_route_smoke[POST api/v2/core/stores/{id}/copy-settings]" time="1.185" /><testcase classname="test_all_routes" name="test_route_smoke[GET api/v2/debits/customer/{customerId}/balance]" time="1.188" /><testcase classname="test_all_routes" name="test_route_smoke[GET api/v2/admin/security-center/login-attempts]" time="1.176" /><testcase classname="test_all_routes" name="test_route_smoke[GET api/v2/companion/sales/summary]" time="0.636" /><testcase classname="test_all_routes" name="test_route_smoke[POST api/v2/gift-cards/{code}/redeem]" time="1.075" /><testcase classname="test_all_routes" name="test_route_smoke[GET api/v2/cashier-gamification/leaderboard]" time="1.047" /><testcase classname="test_all_routes" name="test_route_smoke[POST api/v2/auth/logout-all]" time="1.074" /><testcase classname="test_all_routes" name="test_route_smoke[GET api/v2/companion/sessions]" time="0.667" /><testcase classname="test_all_routes" name="test_route_smoke[GET api/v2/admin/users/admins/{userId}/activity]" time="1.049" /><testcase classname="test_all_routes" name="test_route_smoke[POST api/v2/core/stores/{id}/copy-working-hours]" time="1.062" /><testcase classname="test_all_routes" name="test_route_smoke[GET api/v2/debits/summary]" time="1.028" /><testcase classname="test_all_routes" name="test_route_smoke[GET api/v2/admin/security-center/login-attempts/{attemptId}]" time="0.975" /><testcase classname="test_all_routes" name="test_route_smoke[POST api/v2/companion/sessions]" time="0.581" /><testcase classname="test_all_routes" name="test_route_smoke[GET api/v2/gift-registry]" time="1.039" /><testcase classname="test_all_routes" name="test_route_smoke[GET api/v2/cashier-gamification/settings]" time="0.993" /><testcase classname="test_all_routes" name="test_route_smoke[GET api/v2/auth/me]" time="1.024" /><testcase classname="test_all_routes" name="test_route_smoke[POST api/v2/companion/sessions/{sessionId}/end]" time="0.562" /><testcase classname="test_all_routes" name="test_route_smoke[POST api/v2/admin/users/admins/{userId}/reset-2fa]" time="0.916" /><testcase classname="test_all_routes" name="test_route_smoke[GET api/v2/admin/security-center/overview]" time="0.976" /><testcase classname="test_all_routes" name="test_route_smoke[DELETE api/v2/debits/{debit}]" time="1.060" /><testcase classname="test_all_routes" name="test_route_smoke[GET api/v2/core/stores/{id}/settings]" time="0.996" /><testcase classname="test_all_routes" name="test_route_smoke[GET api/v2/companion/staff/active]" time="0.588" /><testcase classname="test_all_routes" name="test_route_smoke[PUT api/v2/cashier-gamification/settings]" time="1.022" /><testcase classname="test_all_routes" name="test_route_smoke[POST api/v2/gift-registry]" time="1.023" /><testcase classname="test_all_routes" name="test_route_smoke[POST api/v2/auth/otp/send]" time="0.492" /><testcase classname="test_all_routes" name="test_route_smoke[GET api/v2/admin/users/provider]" time="0.869" /><testcase classname="test_all_routes" name="test_route_smoke[GET api/v2/admin/security-center/policies]" time="0.999" /><testcase classname="test_all_routes" name="test_route_smoke[PUT api/v2/companion/store/availability]" time="0.643" /><testcase classname="test_all_routes" name="test_route_smoke[POST api/v2/auth/otp/verify]" time="0.507" /><testcase classname="test_all_routes" name="test_route_smoke[PUT api/v2/core/stores/{id}/settings]" time="1.189" /><testcase classname="test_all_routes" name="test_route_smoke[GET api/v2/debits/{debit}]" time="1.107" /><testcase classname="test_all_routes" name="test_route_smoke[GET api/v2/cashier-gamification/shift-reports]" time="1.125" /><testcase classname="test_all_routes" name="test_route_smoke[GET api/v2/gift-registry/share/{code}]" time="1.035" /><testcase classname="test_all_routes" name="test_route_smoke[PUT api/v2/auth/password]" time="1.082" /><testcase classname="test_all_routes" name="test_route_smoke[GET api/v2/companion/summary]" time="0.599" /><testcase classname="test_all_routes" name="test_route_smoke[GET api/v2/admin/users/provider/{userId}]" time="0.905" /><testcase classname="test_all_routes" name="test_route_smoke[GET api/v2/admin/security-center/policies/{policyId}]" time="0.831" /><testcase classname="test_all_routes" name="test_route_smoke[PUT api/v2/debits/{debit}]" time="0.967" /><testcase classname="test_all_routes" name="test_route_smoke[POST api/v2/core/stores/{id}/toggle-active]" time="0.908" /><testcase classname="test_all_routes" name="test_route_smoke[GET api/v2/config/age-restrictions]" time="0.932" /><testcase classname="test_all_routes" name="test_route_smoke[GET api/v2/gift-registry/{registryId}/items]" time="0.959" /><testcase classname="test_all_routes" name="test_route_smoke[GET api/v2/cashier-gamification/shift-reports/{reportId}]" time="1.127" /><testcase classname="test_all_routes" name="test_route_smoke[PUT api/v2/auth/pin]" time="1.116" /><testcase classname="test_all_routes" name="test_route_smoke[GET api/v2/admin/users/provider/{userId}/activity]" time="0.697" /><testcase classname="test_all_routes" name="test_route_smoke[PUT api/v2/admin/security-center/policies/{policyId}]" time="0.948" /><testcase classname="test_all_routes" name="test_route_smoke[GET api/v2/core/stores/{id}/working-hours]" time="1.164" /><testcase classname="test_all_routes" name="test_route_smoke[POST api/v2/debits/{debit}/allocate]" time="1.178" /><testcase classname="test_all_routes" name="test_route_smoke[GET api/v2/config/feature-flags]" time="1.115" /><testcase classname="test_all_routes" name="test_route_smoke[POST api/v2/admin/users/provider/{userId}/force-password-change]" time="0.749" /><testcase classname="test_all_routes" name="test_route_smoke[POST api/v2/gift-registry/{registryId}/items]" time="1.051" /><testcase classname="test_all_routes" name="test_route_smoke[PUT api/v2/auth/profile]" time="1.064" /><testcase classname="test_all_routes" name="test_route_smoke[POST api/v2/cashier-gamification/shift-reports/{reportId}/mark-sent]" time="0.967" /><testcase classname="test_all_routes" name="test_route_smoke[GET api/v2/admin/security-center/sessions]" time="0.845" /><testcase classname="test_all_routes" name="test_route_smoke[POST api/v2/admin/users/provider/{userId}/reset-password]" time="1.047" /><testcase classname="test_all_routes" name="test_route_smoke[GET api/v2/config/hardware-catalog]" time="1.299" /><testcase classname="test_all_routes" name="test_route_smoke[PUT api/v2/core/stores/{id}/working-hours]" time="1.286" /><testcase classname="test_all_routes" name="test_route_smoke[GET api/v2/debits/{debit}/allocations]" time="1.249" /><testcase classname="test_all_routes" name="test_route_smoke[GET api/v2/hardware/config]" time="1.252" /><testcase classname="test_all_routes" name="test_route_smoke[GET api/v2/admin/security-center/sessions/{sessionId}]" time="1.070" /><testcase classname="test_all_routes" name="test_route_smoke[GET api/v2/catalog/categories]" time="1.033" /><testcase classname="test_all_routes" name="test_route_smoke[POST api/v2/auth/refresh]" time="1.181" /><testcase classname="test_all_routes" name="test_route_smoke[POST api/v2/admin/users/provider/{userId}/toggle-active]" time="1.023" /><testcase classname="test_all_routes" name="test_route_smoke[POST api/v2/debits/{debit}/reverse]" time="0.687" /><testcase classname="test_all_routes" name="test_route_smoke[POST api/v2/coupons/redeem]" time="0.835" /><testcase classname="test_all_routes" name="test_route_smoke[GET api/v2/config/locales]" time="0.878" /><testcase classname="test_all_routes" name="test_route_smoke[POST api/v2/admin/security-center/sessions/{sessionId}/revoke]" time="0.948" /><testcase classname="test_all_routes" name="test_route_smoke[POST api/v2/catalog/categories]" time="0.909" /><testcase classname="test_all_routes" name="test_route_smoke[POST api/v2/hardware/config]" time="0.920" /><testcase classname="test_all_routes" name="test_route_smoke[POST api/v2/auth/register]" time="0.438" /><testcase classname="test_all_routes" name="test_route_smoke[GET api/v2/admin/users/stats]" time="0.998" /><testcase classname="test_all_routes" name="test_route_smoke[GET api/v2/delivery/configs]" time="0.868" /><testcase classname="test_all_routes" name="test_route_smoke[GET api/v2/auto-update/changelog]" time="0.812" /><testcase classname="test_all_routes" name="test_route_smoke[POST api/v2/coupons/validate]" time="0.833" /><testcase classname="test_all_routes" name="test_route_smoke[GET api/v2/config/maintenance]" time="0.418" /><testcase classname="test_all_routes" name="test_route_smoke[GET api/v2/admin/subscriptions]" time="0.698" /><testcase classname="test_all_routes" name="test_route_smoke[DELETE api/v2/catalog/categories/{category}]" time="1.006" /><testcase classname="test_all_routes" name="test_route_smoke[DELETE api/v2/hardware/config/{id}]" time="0.927" /><testcase classname="test_all_routes" name="test_route_smoke[GET api/v2/config/payment-methods]" time="0.798" /><testcase classname="test_all_routes" name="test_route_smoke[GET api/v2/admin/wameed-ai/analytics/chats]" time="1.045" /><testcase classname="test_all_routes" name="test_route_smoke[POST api/v2/delivery/configs]" time="0.931" /><testcase classname="test_all_routes" name="test_route_smoke[POST api/v2/auto-update/check]" time="1.268" /><testcase classname="test_all_routes" name="test_route_smoke[GET api/v2/customers]" time="1.222" /><testcase classname="test_all_routes" name="test_route_smoke[GET api/v2/admin/subscriptions/{subscriptionId}]" time="1.187" /><testcase classname="test_all_routes" name="test_route_smoke[POST api/v2/hardware/event-log]" time="1.170" /><testcase classname="test_all_routes" name="test_route_smoke[GET api/v2/catalog/categories/{category}]" time="1.168" /><testcase classname="test_all_routes" name="test_route_smoke[GET api/v2/config/security-policies]" time="1.235" /><testcase classname="test_all_routes" name="test_route_smoke[DELETE api/v2/delivery/configs/{id}]" time="0.919" /><testcase classname="test_all_routes" name="test_route_smoke[GET api/v2/admin/wameed-ai/analytics/chats/{chatId}]" time="1.051" /><testcase classname="test_all_routes" name="test_route_smoke[POST api/v2/customers]" time="0.949" /><testcase classname="test_all_routes" name="test_route_smoke[GET api/v2/auto-update/current-version]" time="0.852" /><testcase classname="test_all_routes" name="test_route_smoke[GET api/v2/admin/support/canned-responses]" time="0.923" /><testcase classname="test_all_routes" name="test_route_smoke[PUT api/v2/catalog/categories/{category}]" time="0.660" /><testcase classname="test_all_routes" name="test_route_smoke[GET api/v2/hardware/event-logs]" time="0.932" /><testcase classname="test_all_routes" name="test_route_smoke[GET api/v2/config/tax]" time="0.860" /><testcase classname="test_all_routes" name="test_route_smoke[GET api/v2/delivery/configs/{id}]" time="0.853" /><testcase classname="test_all_routes" name="test_route_smoke[GET api/v2/admin/wameed-ai/analytics/dashboard]" time="0.787" /><testcase classname="test_all_routes" name="test_route_smoke[GET api/v2/auto-update/download/{version}]" time="0.932" /><testcase classname="test_all_routes" name="test_route_smoke[POST api/v2/admin/support/canned-responses]" time="0.857" /><testcase classname="test_all_routes" name="test_route_smoke[POST api/v2/customers/groups]" time="0.965" /><testcase classname="test_all_routes" name="test_route_smoke[GET api/v2/catalog/products]" time="0.883" /><testcase classname="test_all_routes" name="test_route_smoke[GET api/v2/hardware/supported-models]" time="0.866" /><testcase classname="test_all_routes" name="test_route_smoke[GET api/v2/config/translations/version]" time="0.865" /><testcase classname="test_all_routes" name="test_route_smoke[POST api/v2/delivery/configs/{id}/test-connection]" time="0.965" /><testcase classname="test_all_routes" name="test_route_smoke[POST api/v2/admin/wameed-ai/billing/check-overdue]" time="0.833" /><testcase classname="test_all_routes" name="test_route_smoke[DELETE api/v2/admin/support/canned-responses/{responseId}]" time="0.757" /><testcase classname="test_all_routes" name="test_route_smoke[GET api/v2/auto-update/history]" time="0.867" /><testcase classname="test_all_routes" name="test_route_smoke[POST api/v2/catalog/products]" time="1.005" /><testcase classname="test_all_routes" name="test_route_smoke[GET api/v2/customers/groups/list]" time="1.068" /><testcase classname="test_all_routes" name="test_route_smoke[POST api/v2/hardware/test]" time="0.867" /><testcase classname="test_all_routes" name="test_route_smoke[GET api/v2/config/translations/{locale}]" time="0.790" /><testcase classname="test_all_routes" name="test_route_smoke[PUT api/v2/delivery/configs/{id}/toggle]" time="1.568" /><testcase classname="test_all_routes" name="test_route_smoke[GET api/v2/admin/wameed-ai/billing/dashboard]" time="1.089" /><testcase classname="test_all_routes" name="test_route_smoke[GET api/v2/admin/support/canned-responses/{responseId}]" time="1.366" /><testcase classname="test_all_routes" name="test_route_smoke[GET api/v2/auto-update/manifest/{version}]" time="1.388" /><testcase classname="test_all_routes" name="test_route_smoke[POST api/v2/catalog/products/bulk-action]" time="1.372" /><testcase classname="test_all_routes" name="test_route_smoke[GET api/v2/core/business-types]" time="1.458" /><testcase classname="test_all_routes" name="test_route_smoke[DELETE api/v2/customers/groups/{group}]" time="1.175" /><testcase classname="test_all_routes" name="test_route_smoke[GET api/v2/industry/bakery/cake-orders]" time="1.274" /><testcase classname="test_all_routes" name="test_route_smoke[POST api/v2/admin/wameed-ai/billing/generate-invoices]" time="1.148" /><testcase classname="test_all_routes" name="test_route_smoke[POST api/v2/delivery/menu-sync]" time="1.050" /><testcase classname="test_all_routes" name="test_route_smoke[PUT api/v2/admin/support/canned-responses/{responseId}]" time="0.910" /><testcase classname="test_all_routes" name="test_route_smoke[POST api/v2/auto-update/report-status]" time="0.960" /><testcase classname="test_all_routes" name="test_route_smoke[PUT api/v2/customers/groups/{group}]" time="0.969" /><testcase classname="test_all_routes" name="test_route_smoke[GET api/v2/catalog/products/catalog]" time="0.715" /><testcase classname="test_all_routes" name="test_route_smoke[POST api/v2/industry/bakery/cake-orders]" time="0.871" /><testcase classname="test_all_routes" name="test_route_smoke[POST api/v2/core/onboarding/checklist]" time="0.738" /><testcase classname="test_all_routes" name="test_route_smoke[GET api/v2/admin/wameed-ai/billing/invoices]" time="0.751" /><testcase classname="test_all_routes" name="test_route_smoke[POST api/v2/admin/support/canned-responses/{responseId}/toggle]" time="0.635" /><testcase classname="test_all_routes" name="test_route_smoke[GET api/v2/delivery/orders]" time="0.862" /><testcase classname="test_all_routes" name="test_route_smoke[GET api/v2/catalog/products/changes]" time="0.842" /><testcase classname="test_all_routes" name="test_route_smoke[GET api/v2/auto-update/rollout-status]" time="0.843" /><testcase classname="test_all_routes" name="test_route_smoke[GET api/v2/customers/loyalty/config]" time="0.868" /><testcase classname="test_all_routes" name="test_route_smoke[POST api/v2/core/onboarding/complete-step]" time="0.832" /><testcase classname="test_all_routes" name="test_route_smoke[PUT api/v2/industry/bakery/cake-orders/{id}]" time="0.829" /><testcase classname="test_all_routes" name="test_route_smoke[GET api/v2/admin/wameed-ai/billing/invoices/{invoiceId}]" time="0.768" /><testcase classname="test_all_routes" name="test_route_smoke[GET api/v2/admin/support/kb]" time="0.798" /><testcase classname="test_all_routes" name="test_route_smoke[GET api/v2/delivery/orders/active]" time="0.720" /><testcase classname="test_all_routes" name="test_route_smoke[DELETE api/v2/catalog/products/{product}]" time="0.814" /><testcase classname="test_all_routes" name="test_route_smoke[POST api/v2/backup/create]" time="0.782" /><testcase classname="test_all_routes" name="test_route_smoke[PATCH api/v2/industry/bakery/cake-orders/{id}/status]" time="0.806" /><testcase classname="test_all_routes" name="test_route_smoke[POST api/v2/core/onboarding/dismiss-checklist]" time="0.946" /><testcase classname="test_all_routes" name="test_route_smoke[PUT api/v2/customers/loyalty/config]" time="0.865" /><testcase classname="test_all_routes" name="test_route_smoke[POST api/v2/admin/wameed-ai/billing/invoices/{invoiceId}/mark-paid]" time="0.997" /><testcase classname="test_all_routes" name="test_route_smoke[POST api/v2/admin/support/kb]" time="1.001" /><testcase classname="test_all_routes" name="test_route_smoke[GET api/v2/delivery/orders/{id}]" time="1.032" /><testcase classname="test_all_routes" name="test_route_smoke[GET api/v2/catalog/products/{product}]" time="0.979" /><testcase classname="test_all_routes" name="test_route_smoke[POST api/v2/backup/export]" time="0.968" /><testcase classname="test_all_routes" name="test_route_smoke[GET api/v2/industry/bakery/production-schedules]" time="0.923" /><testcase classname="test_all_routes" name="test_route_smoke[DELETE api/v2/customers/{customer}]" time="0.927" /><testcase classname="test_all_routes" name="test_route_smoke[GET api/v2/core/onboarding/progress]" time="0.922" /><testcase classname="test_all_routes" name="test_route_smoke[POST api/v2/admin/wameed-ai/billing/invoices/{invoiceId}/record-payment]" time="1.004" /><testcase classname="test_all_routes" name="test_route_smoke[DELETE api/v2/admin/support/kb/{articleId}]" time="0.940" /><testcase classname="test_all_routes" name="test_route_smoke[PUT api/v2/delivery/orders/{id}/status]" time="0.903" /><testcase classname="test_all_routes" name="test_route_smoke[GET api/v2/backup/list]" time="1.065" /><testcase classname="test_all_routes" name="test_route_smoke[PUT api/v2/catalog/products/{product}]" time="1.087" /><testcase classname="test_all_routes" name="test_route_smoke[POST api/v2/industry/bakery/production-schedules]" time="1.003" /><testcase classname="test_all_routes" name="test_route_smoke[GET api/v2/customers/{customer}]" time="1.044" /><testcase classname="test_all_routes" name="test_route_smoke[PUT api/v2/industry/bakery/production-schedules/{id}]" time="0.959" /><testcase classname="test_all_routes" name="test_route_smoke[GET api/v2/admin/wameed-ai/billing/settings]" time="1.050" /><testcase classname="test_all_routes" name="test_route_smoke[GET api/v2/admin/support/kb/{articleId}]" time="0.968" /><testcase classname="test_all_routes" name="test_route_smoke[GET api/v2/delivery/platforms]" time="0.828" /><testcase classname="test_all_routes" name="test_route_smoke[GET api/v2/backup/provider-status]" time="1.115" /><testcase classname="test_all_routes" name="test_route_smoke[POST api/v2/catalog/products/{product}/barcode]" time="1.118" /><testcase classname="test_all_routes" name="test_route_smoke[POST api/v2/industry/jewelry/product-details]" time="0.976" /><testcase classname="test_all_routes" name="test_route_smoke[PATCH api/v2/industry/bakery/production-schedules/{id}/status]" time="0.894" /><testcase classname="test_all_routes" name="test_route_smoke[PUT api/v2/customers/{customer}]" time="1.011" /><testcase classname="test_all_routes" name="test_route_smoke[PUT api/v2/admin/support/kb/{articleId}]" time="1.025" /><testcase classname="test_all_routes" name="test_route_smoke[PUT api/v2/admin/wameed-ai/billing/settings]" time="0.729" /><testcase classname="test_all_routes" name="test_route_smoke[GET api/v2/delivery/stats]" time="0.891" /><testcase classname="test_all_routes" name="test_route_smoke[PUT api/v2/industry/jewelry/product-details/{id}]" time="0.720" /><testcase classname="test_all_routes" name="test_route_smoke[GET api/v2/industry/bakery/recipes]" time="1.018" /><testcase classname="test_all_routes" name="test_route_smoke[GET api/v2/backup/schedule]" time="0.994" /><testcase classname="test_all_routes" name="test_route_smoke[GET api/v2/catalog/products/{product}/barcodes]" time="1.003" /><testcase classname="test_all_routes" name="test_route_smoke[GET api/v2/customers/{customer}/loyalty]" time="0.958" /><testcase classname="test_all_routes" name="test_route_smoke[GET api/v2/admin/wameed-ai/billing/stores]" time="0.907" /><testcase classname="test_all_routes" name="test_route_smoke[GET api/v2/delivery/status-push-logs]" time="0.739" /><testcase classname="test_all_routes" name="test_route_smoke[GET api/v2/admin/support/stats]" time="0.928" /><testcase classname="test_all_routes" name="test_route_smoke[GET api/v2/industry/pharmacy/drug-schedules]" time="0.883" /><testcase classname="test_all_routes" name="test_route_smoke[POST api/v2/industry/bakery/recipes]" time="0.796" /><testcase classname="test_all_routes" name="test_route_smoke[PUT api/v2/backup/schedule]" time="0.995" /><testcase classname="test_all_routes" name="test_route_smoke[POST api/v2/customers/{customer}/loyalty/adjust]" time="1.035" /><testcase classname="test_all_routes" name="test_route_smoke[GET api/v2/admin/wameed-ai/billing/stores/{storeId}]" time="0.980" /><testcase classname="test_all_routes" name="test_route_smoke[POST api/v2/catalog/products/{product}/duplicate]" time="0.989" /><testcase classname="test_all_routes" name="test_route_smoke[POST api/v2/installments/checkout]" time="0.960" /><testcase classname="test_all_routes" name="test_route_smoke[GET api/v2/admin/support/tickets]" time="0.727" /><testcase classname="test_all_routes" name="test_route_smoke[POST api/v2/industry/pharmacy/drug-schedules]" time="0.977" /><testcase classname="test_all_routes" name="test_route_smoke[DELETE api/v2/industry/bakery/recipes/{id}]" time="0.791" /><testcase classname="test_all_routes" name="test_route_smoke[GET api/v2/backup/storage]" time="0.730" /><testcase classname="test_all_routes" name="test_route_smoke[PUT api/v2/admin/wameed-ai/billing/stores/{storeId}]" time="1.200" /><testcase classname="test_all_routes" name="test_route_smoke[GET api/v2/catalog/products/{product}/modifiers]" time="1.248" /><testcase classname="test_all_routes" name="test_route_smoke[GET api/v2/customers/{customer}/store-credit]" time="1.259" /><testcase classname="test_all_routes" name="test_route_smoke[POST api/v2/admin/support/tickets]" time="1.222" /><testcase classname="test_all_routes" name="test_route_smoke[GET api/v2/installments/config]" time="1.176" /><testcase classname="test_all_routes" name="test_route_smoke[PUT api/v2/industry/pharmacy/drug-schedules/{id}]" time="1.162" /><testcase classname="test_all_routes" name="test_route_smoke[PUT api/v2/industry/bakery/recipes/{id}]" time="1.233" /><testcase classname="test_all_routes" name="test_route_smoke[DELETE api/v2/backup/{backupId}]" time="1.343" /><testcase classname="test_all_routes" name="test_route_smoke[POST api/v2/admin/wameed-ai/billing/stores/{storeId}/toggle-ai]" time="1.377" /><testcase classname="test_all_routes" name="test_route_smoke[POST api/v2/installments/config]" time="1.356" /><testcase classname="test_all_routes" name="test_route_smoke[PUT api/v2/catalog/products/{product}/modifiers]" time="1.405" /><testcase classname="test_all_routes" name="test_route_smoke[GET api/v2/admin/support/tickets/{ticketId}]" time="1.335" /><testcase classname="test_all_routes" name="test_route_smoke[POST api/v2/customers/{customer}/store-credit/top-up]" time="1.391" /><testcase classname="test_all_routes" name="test_route_smoke[GET api/v2/industry/pharmacy/prescriptions]" time="1.464" /><testcase classname="test_all_routes" name="test_route_smoke[GET api/v2/industry/electronics/imei-records]" time="1.413" /><testcase classname="test_all_routes" name="test_route_smoke[GET api/v2/backup/{backupId}]" time="1.572" /><testcase classname="test_all_routes" name="test_route_smoke[GET api/v2/admin/wameed-ai/features]" time="1.571" /><testcase classname="test_all_routes" name="test_route_smoke[PUT api/v2/admin/support/tickets/{ticketId}]" time="1.531" /><testcase classname="test_all_routes" name="test_route_smoke[GET api/v2/installments/config/available]" time="1.535" /><testcase classname="test_all_routes" name="test_route_smoke[GET api/v2/catalog/products/{product}/store-prices]" time="1.544" /><testcase classname="test_all_routes" name="test_route_smoke[GET api/v2/inventory/recipes]" time="1.526" /><testcase classname="test_all_routes" name="test_route_smoke[POST api/v2/industry/pharmacy/prescriptions]" time="1.471" /><testcase classname="test_all_routes" name="test_route_smoke[POST api/v2/industry/electronics/imei-records]" time="1.510" /><testcase classname="test_all_routes" name="test_route_smoke[POST api/v2/backup/{backupId}/restore]" time="1.369" /><testcase classname="test_all_routes" name="test_route_smoke[POST api/v2/admin/support/tickets/{ticketId}/assign]" time="1.396" /><testcase classname="test_all_routes" name="test_route_smoke[PATCH api/v2/admin/wameed-ai/features/{featureId}/toggle]" time="1.362" /><testcase classname="test_all_routes" name="test_route_smoke[DELETE api/v2/installments/config/{provider}]" time="1.473" /><testcase classname="test_all_routes" name="test_route_smoke[POST api/v2/inventory/recipes]" time="1.512" /><testcase classname="test_all_routes" name="test_route_smoke[PUT api/v2/catalog/products/{product}/store-prices]" time="1.505" /><testcase classname="test_all_routes" name="test_route_smoke[PUT api/v2/industry/pharmacy/prescriptions/{id}]" time="1.666" /><testcase classname="test_all_routes" name="test_route_smoke[PUT api/v2/industry/electronics/imei-records/{id}]" time="1.349" /><testcase classname="test_all_routes" name="test_route_smoke[POST api/v2/backup/{backupId}/verify]" time="1.377" /><testcase classname="test_all_routes" name="test_route_smoke[GET api/v2/admin/wameed-ai/llm-models]" time="1.259" /><testcase classname="test_all_routes" name="test_route_smoke[GET api/v2/admin/support/tickets/{ticketId}/messages]" time="1.225" /><testcase classname="test_all_routes" name="test_route_smoke[GET api/v2/installments/config/{provider}]" time="1.294" /><testcase classname="test_all_routes" name="test_route_smoke[GET api/v2/catalog/products/{product}/suppliers]" time="1.197" /><testcase classname="test_all_routes" name="test_route_smoke[DELETE api/v2/inventory/recipes/{recipe}]" time="1.211" /><testcase classname="test_all_routes" name="test_route_smoke[GET api/v2/industry/electronics/repair-jobs]" time="1.050" /><testcase classname="test_all_routes" name="test_route_smoke[GET api/v2/industry/restaurant/kitchen-tickets]" time="1.047" /><testcase classname="test_all_routes" name="test_route_smoke[POST api/v2/cash-events]" time="1.011" /><testcase classname="test_all_routes" name="test_route_smoke[POST api/v2/admin/support/tickets/{ticketId}/messages]" time="1.052" /><testcase classname="test_all_routes" name="test_route_smoke[POST api/v2/admin/wameed-ai/llm-models]" time="1.091" /><testcase classname="test_all_routes" name="test_route_smoke[PUT api/v2/catalog/products/{product}/suppliers]" time="1.061" /><testcase classname="test_all_routes" name="test_route_smoke[POST api/v2/installments/config/{provider}/test]" time="0.929" /><testcase classname="test_all_routes" name="test_route_smoke[GET api/v2/inventory/recipes/{recipe}]" time="1.072" /><testcase classname="test_all_routes" name="test_route_smoke[POST api/v2/industry/electronics/repair-jobs]" time="0.925" /><testcase classname="test_all_routes" name="test_route_smoke[POST api/v2/industry/restaurant/kitchen-tickets]" time="1.164" /><testcase classname="test_all_routes" name="test_route_smoke[DELETE api/v2/inventory/supplier-returns/{supplierReturn}]" time="0.961" /><testcase classname="test_all_routes" name="test_route_smoke[POST api/v2/admin/support/tickets/{ticketId}/status]" time="1.041" /><testcase classname="test_all_routes" name="test_route_smoke[POST api/v2/installments/config/{provider}/toggle]" time="1.145" /><testcase classname="test_all_routes" name="test_route_smoke[DELETE api/v2/admin/wameed-ai/llm-models/{id}]" time="1.214" /><testcase classname="test_all_routes" name="test_route_smoke[GET api/v2/catalog/products/{product}/variants]" time="1.123" /><testcase classname="test_all_routes" name="test_route_smoke[PUT api/v2/industry/electronics/repair-jobs/{id}]" time="1.102" /><testcase classname="test_all_routes" name="test_route_smoke[PUT api/v2/inventory/recipes/{recipe}]" time="1.117" /><testcase classname="test_all_routes" name="test_route_smoke[GET api/v2/inventory/supplier-returns/{supplierReturn}]" time="1.043" /><testcase classname="test_all_routes" name="test_route_smoke[PATCH api/v2/industry/restaurant/kitchen-tickets/{id}/status]" time="1.056" /><testcase classname="test_all_routes" name="test_route_smoke[GET api/v2/admin/team]" time="1.072" /><testcase classname="test_all_routes" name="test_route_smoke[GET api/v2/installments/providers]" time="1.091" /><testcase classname="test_all_routes" name="test_route_smoke[PUT api/v2/admin/wameed-ai/llm-models/{id}]" time="1.155" /><testcase classname="test_all_routes" name="test_route_smoke[PATCH api/v2/industry/electronics/repair-jobs/{id}/status]" time="1.162" /><testcase classname="test_all_routes" name="test_route_smoke[POST api/v2/notifications]" time="1.209" /><testcase classname="test_all_routes" name="test_route_smoke[GET api/v2/inventory/stock-adjustments]" time="1.123" /><testcase classname="test_all_routes" name="test_route_smoke[PUT api/v2/inventory/supplier-returns/{supplierReturn}]" time="1.104" /><testcase classname="test_all_routes" name="test_route_smoke[GET api/v2/industry/restaurant/reservations]" time="1.102" /><testcase classname="test_all_routes" name="test_route_smoke[POST api/v2/admin/team]" time="1.076" /><testcase classname="test_all_routes" name="test_route_smoke[POST api/v2/installments/tamara-precheck]" time="1.057" /><testcase classname="test_all_routes" name="test_route_smoke[PATCH api/v2/admin/wameed-ai/llm-models/{id}/toggle]" time="1.104" /><testcase classname="test_all_routes" name="test_route_smoke[POST api/v2/inventory/stock-adjustments]" time="1.105" /><testcase classname="test_all_routes" name="test_route_smoke[GET api/v2/industry/electronics/trade-ins]" time="1.005" /><testcase classname="test_all_routes" name="test_route_smoke[POST api/v2/notifications/batch]" time="1.017" /><testcase classname="test_all_routes" name="test_route_smoke[POST api/v2/inventory/supplier-returns/{supplierReturn}/approve]" time="1.071" /><testcase classname="test_all_routes" name="test_route_smoke[POST api/v2/industry/restaurant/reservations]" time="1.092" /><testcase classname="test_all_routes" name="test_route_smoke[GET api/v2/admin/team/{userId}]" time="0.998" /><testcase classname="test_all_routes" name="test_route_smoke[POST api/v2/installments/webhook/{provider}]" time="0.340" /><testcase classname="test_all_routes" name="test_route_smoke[POST api/v2/industry/electronics/trade-ins]" time="0.974" /><testcase classname="test_all_routes" name="test_route_smoke[DELETE api/v2/notifications/bulk]" time="1.043" /><testcase classname="t
[...]
time="1.090" /><testcase classname="test_all_routes" name="test_route_smoke[GET api/v2/support/kb/{slug}]" time="1.173" /><testcase classname="test_all_routes" name="test_route_smoke[POST api/v2/thawani/pull-products]" time="1.063" /><testcase classname="test_all_routes" name="test_route_smoke[GET api/v2/staff/roles]" time="1.109" /><testcase classname="test_all_routes" name="test_route_smoke[PATCH api/v2/subscription/plans/{planId}/toggle]" time="1.141" /><testcase classname="test_all_routes" name="test_route_smoke[GET api/v2/subscription/current]" time="1.033" /><testcase classname="test_all_routes" name="test_route_smoke[POST api/v2/sync/heartbeat]" time="0.931" /><testcase classname="test_all_routes" name="test_route_smoke[GET api/v2/thawani/config]" time="0.971" /><testcase classname="test_all_routes" name="test_route_smoke[GET api/v2/staff/shifts]" time="0.796" /><testcase classname="test_all_routes" name="test_route_smoke[POST api/v2/thawani/push-categories]" time="0.968" /><testcase classname="test_all_routes" name="test_route_smoke[GET api/v2/support/stats]" time="1.011" /><testcase classname="test_all_routes" name="test_route_smoke[POST api/v2/staff/roles]" time="0.987" /><testcase classname="test_all_routes" name="test_route_smoke[POST api/v2/subscription/resume]" time="1.014" /><testcase classname="test_all_routes" name="test_route_smoke[GET api/v2/subscription/invoices]" time="1.042" /><testcase classname="test_all_routes" name="test_route_smoke[GET api/v2/sync/pull]" time="0.909" /><testcase classname="test_all_routes" name="test_route_smoke[POST api/v2/staff/shifts]" time="1.188" /><testcase classname="test_all_routes" name="test_route_smoke[POST api/v2/thawani/config]" time="0.931" /><testcase classname="test_all_routes" name="test_route_smoke[POST api/v2/thawani/push-products]" time="0.971" /><testcase classname="test_all_routes" name="test_route_smoke[GET api/v2/staff/roles/user-permissions]" time="0.921" /><testcase classname="test_all_routes" name="test_route_smoke[GET api/v2/support/tickets]" time="0.936" /><testcase classname="test_all_routes" name="test_route_smoke[GET api/v2/subscription/store-add-ons]" time="0.991" /><testcase classname="test_all_routes" name="test_route_smoke[GET api/v2/subscription/invoices/{invoiceId}]" time="0.870" /><testcase classname="test_all_routes" name="test_route_smoke[POST api/v2/sync/push]" time="0.952" /><testcase classname="test_all_routes" name="test_route_smoke[PUT api/v2/thawani/disconnect]" time="1.047" /><testcase classname="test_all_routes" name="test_route_smoke[DELETE api/v2/staff/shifts/{id}]" time="1.130" /><testcase classname="test_all_routes" name="test_route_smoke[GET api/v2/thawani/queue-stats]" time="1.065" /><testcase classname="test_all_routes" name="test_route_smoke[DELETE api/v2/staff/roles/{role}]" time="1.143" /><testcase classname="test_all_routes" name="test_route_smoke[POST api/v2/support/tickets]" time="1.099" /><testcase classname="test_all_routes" name="test_route_smoke[POST api/v2/subscription/subscribe]" time="1.043" /><testcase classname="test_all_routes" name="test_route_smoke[GET api/v2/subscription/invoices/{invoiceId}/pdf]" time="0.992" /><testcase classname="test_all_routes" name="test_route_smoke[POST api/v2/sync/resolve-conflict/{conflictId}]" time="1.094" /><testcase classname="test_all_routes" name="test_route_smoke[GET api/v2/thawani/orders]" time="1.048" /><testcase classname="test_all_routes" name="test_route_smoke[GET api/v2/thawani/settlements]" time="1.138" /><testcase classname="test_all_routes" name="test_route_smoke[PUT api/v2/staff/shifts/{id}]" time="1.010" /><testcase classname="test_all_routes" name="test_route_smoke[GET api/v2/support/tickets/{id}]" time="1.136" /><testcase classname="test_all_routes" name="test_route_smoke[GET api/v2/staff/roles/{role}]" time="1.081" /><testcase classname="test_all_routes" name="test_route_smoke[GET api/v2/subscription/plans]" time="0.793" /><testcase classname="test_all_routes" name="test_route_smoke[GET api/v2/thawani/stats]" time="1.133" /><testcase classname="test_all_routes" name="test_route_smoke[GET api/v2/sync/status]" time="1.058" /><testcase classname="test_all_routes" name="test_route_smoke[POST api/v2/thawani/process-queue]" time="1.148" /><testcase classname="test_all_routes" name="test_route_smoke[POST api/v2/subscription/plans]" time="1.111" /><testcase classname="test_all_routes" name="test_route_smoke[GET api/v2/subscription/add-ons]" time="0.861" /><testcase classname="test_all_routes" name="test_route_smoke[GET api/v2/ui/label-templates]" time="0.994" /><testcase classname="test_all_routes" name="test_route_smoke[GET api/v2/ui/layout-builder/full]" time="1.089" /><testcase classname="test_all_routes" name="test_route_smoke[PUT api/v2/support/tickets/{id}/close]" time="1.210" /><testcase classname="test_all_routes" name="test_route_smoke[GET api/v2/thawani/sync-logs]" time="1.252" /><testcase classname="test_all_routes" name="test_route_smoke[DELETE api/v2/ui/layout-builder/placements/{placementId}/theme-overrides/{variableKey}]" time="1.062" /><testcase classname="test_all_routes" name="test_route_smoke[GET api/v2/ui/marketplace/categories]" time="1.093" /><testcase classname="test_all_routes" name="test_route_smoke[GET api/v2/ui/layout-builder/versions]" time="0.951" /><testcase classname="test_all_routes" name="test_route_smoke[GET api/v2/ui/layout-builder/templates/{templateId}/placements]" time="0.949" /><testcase classname="test_all_routes" name="test_route_smoke[GET api/v2/ui/label-templates/{id}/preview-url]" time="0.921" /><testcase classname="test_all_routes" name="test_route_smoke[GET api/v2/ui/layout-builder/placements]" time="0.760" /><testcase classname="test_all_routes" name="test_route_smoke[GET api/v2/ui/marketplace/listings/{id}]" time="1.178" /><testcase classname="test_all_routes" name="test_route_smoke[POST api/v2/thawani/test-connection]" time="1.113" /><testcase classname="test_all_routes" name="test_route_smoke[GET api/v2/ui/layout-builder/templates/{templateId}/canvas]" time="0.989" /><testcase classname="test_all_routes" name="test_route_smoke[POST api/v2/ui/layout-builder/versions]" time="0.930" /><testcase classname="test_all_routes" name="test_route_smoke[POST api/v2/ui/layout-builder/templates/{templateId}/placements]" time="0.864" /><testcase classname="test_all_routes" name="test_route_smoke[GET api/v2/ui/marketplace/categories/{id}]" time="1.201" /><testcase classname="test_all_routes" name="test_route_smoke[POST api/v2/ui/layout-builder/placements]" time="1.042" /><testcase classname="test_all_routes" name="test_route_smoke[GET api/v2/ui/label-templates/{slug}]" time="0.980" /><testcase classname="test_all_routes" name="test_route_smoke[PUT api/v2/ui/layout-builder/templates/{templateId}/canvas]" time="1.022" /><testcase classname="test_all_routes" name="test_route_smoke[GET api/v2/ui/marketplace/listings/{id}/preview-url]" time="0.970" /><testcase classname="test_all_routes" name="test_route_smoke[GET api/v2/ui/cfd-themes]" time="0.880" /><testcase classname="test_all_routes" name="test_route_smoke[PUT api/v2/ui/layout-builder/templates/{templateId}/placements/batch]" time="0.883" /><testcase classname="test_all_routes" name="test_route_smoke[GET api/v2/ui/layout-builder/widgets]" time="0.754" /><testcase classname="test_all_routes" name="test_route_smoke[GET api/v2/ui/layout-builder/canvas]" time="0.911" /><testcase classname="test_all_routes" name="test_route_smoke[DELETE api/v2/ui/layout-builder/placements/{placementId}]" time="1.020" /><testcase classname="test_all_routes" name="test_route_smoke[GET api/v2/ui/marketplace/invoices/{invoiceId}]" time="1.020" /><testcase classname="test_all_routes" name="test_route_smoke[GET api/v2/ui/cfd-themes/{id}/preview-url]" time="1.128" /><testcase classname="test_all_routes" name="test_route_smoke[POST api/v2/ui/layout-builder/templates/{templateId}/clone]" time="1.124" /><testcase classname="test_all_routes" name="test_route_smoke[GET api/v2/ui/marketplace/listings/{listingId}/check-access]" time="1.274" /><testcase classname="test_all_routes" name="test_route_smoke[GET api/v2/ui/layout-builder/widgets/{id}]" time="1.053" /><testcase classname="test_all_routes" name="test_route_smoke[GET api/v2/ui/layout-builder/templates/{templateId}/versions]" time="1.080" /><testcase classname="test_all_routes" name="test_route_smoke[PUT api/v2/ui/layout-builder/canvas]" time="1.036" /><testcase classname="test_all_routes" name="test_route_smoke[PUT api/v2/ui/layout-builder/placements/{placementId}]" time="1.054" /><testcase classname="test_all_routes" name="test_route_smoke[GET api/v2/ui/marketplace/listings]" time="1.199" /><testcase classname="test_all_routes" name="test_route_smoke[GET api/v2/ui/cfd-themes/{slug}]" time="1.017" /><testcase classname="test_all_routes" name="test_route_smoke[GET api/v2/ui/layout-builder/templates/{templateId}/full]" time="0.985" /><testcase classname="test_all_routes" name="test_route_smoke[GET api/v2/ui/layouts]" time="1.010" /><testcase classname="test_all_routes" name="test_route_smoke[POST api/v2/ui/layout-builder/templates/{templateId}/versions]" time="0.977" /><testcase classname="test_all_routes" name="test_route_smoke[POST api/v2/ui/marketplace/listings/{listingId}/purchase]" time="1.101" /><testcase classname="test_all_routes" name="test_route_smoke[POST api/v2/ui/layout-builder/clone]" time="0.882" /><testcase classname="test_all_routes" name="test_route_smoke[PUT api/v2/ui/layout-builder/placements/{placementId}/theme-overrides]" time="1.117" /><testcase classname="test_all_routes" name="test_route_smoke[GET api/v2/ui/marketplace/listings/{listingId}/reviews]" time="1.001" /><testcase classname="test_all_routes" name="test_route_smoke[POST api/v2/ui/marketplace/purchases/{purchaseId}/cancel]" time="1.197" /><testcase classname="test_all_routes" name="test_route_smoke[GET api/v2/ui/defaults]" time="1.001" /><testcase classname="test_all_routes" name="test_route_smoke[PUT api/v2/ui/preferences]" time="1.088" /><testcase classname="test_all_routes" name="test_route_smoke[GET api/v2/ui/receipt-templates/{slug}]" time="1.014" /><testcase classname="test_all_routes" name="test_route_smoke[GET api/v2/wameed-ai/billing/invoices/{invoiceId}]" time="0.990" /><testcase classname="test_all_routes" name="test_route_smoke[PUT api/v2/ui/store-defaults]" time="0.972" /><testcase classname="test_all_routes" name="test_route_smoke[POST api/v2/wameed-ai/catalog/invoice-ocr]" time="1.013" /><testcase classname="test_all_routes" name="test_route_smoke[POST api/v2/ui/marketplace/listings/{listingId}/reviews]" time="1.052" /><testcase classname="test_all_routes" name="test_route_smoke[GET api/v2/wameed-ai/chats]" time="0.914" /><testcase classname="test_all_routes" name="test_route_smoke[GET api/v2/ui/signage-templates]" time="0.943" /><testcase classname="test_all_routes" name="test_route_smoke[GET api/v2/ui/receipt-templates]" time="0.929" /><testcase classname="test_all_routes" name="test_route_smoke[GET api/v2/wameed-ai/billing/summary]" time="1.003" /><testcase classname="test_all_routes" name="test_route_smoke[DELETE api/v2/ui/marketplace/reviews/{reviewId}]" time="1.037" /><testcase classname="test_all_routes" name="test_route_smoke[GET api/v2/ui/themes]" time="0.976" /><testcase classname="test_all_routes" name="test_route_smoke[POST api/v2/wameed-ai/catalog/product-categorization]" time="0.974" /><testcase classname="test_all_routes" name="test_route_smoke[GET api/v2/ui/marketplace/my-invoices]" time="1.022" /><testcase classname="test_all_routes" name="test_route_smoke[POST api/v2/wameed-ai/chats]" time="0.932" /><testcase classname="test_all_routes" name="test_route_smoke[GET api/v2/ui/signage-templates/{slug}]" time="0.915" /><testcase classname="test_all_routes" name="test_route_smoke[GET api/v2/ui/receipt-templates/{id}/preview-url]" time="0.892" /><testcase classname="test_all_routes" name="test_route_smoke[POST api/v2/wameed-ai/catalog/barcode-enrichment]" time="1.077" /><testcase classname="test_all_routes" name="test_route_smoke[PUT api/v2/ui/marketplace/reviews/{reviewId}]" time="1.226" /><testcase classname="test_all_routes" name="test_route_smoke[GET api/v2/wameed-ai/billing/invoices]" time="1.158" /><testcase classname="test_all_routes" name="test_route_smoke[POST api/v2/wameed-ai/catalog/product-description]" time="1.352" /><testcase classname="test_all_routes" name="test_route_smoke[GET api/v2/ui/marketplace/my-purchases]" time="1.637" /><testcase classname="test_all_routes" name="test_route_smoke[DELETE api/v2/wameed-ai/chats/{chatId}]" time="1.385" /><testcase classname="test_all_routes" name="test_route_smoke[POST api/v2/wameed-ai/chats/{chatId}/messages]" time="1.474" /><testcase classname="test_all_routes" name="test_route_smoke[GET api/v2/wameed-ai/chats/{chatId}]" time="1.251" /><testcase classname="test_all_routes" name="test_route_smoke[PUT api/v2/wameed-ai/chats/{chatId}/title]" time="1.465" /><testcase classname="test_all_routes" name="test_route_smoke[POST api/v2/wameed-ai/communication/social-content]" time="1.899" /><testcase classname="test_all_routes" name="test_route_smoke[GET api/v2/ui/preferences]" time="2.164" /><testcase classname="test_all_routes" name="test_route_smoke[GET api/v2/wameed-ai/config]" time="2.438" /><testcase classname="test_all_routes" name="test_route_smoke[POST api/v2/wameed-ai/chats/{chatId}/feature]" time="2.209" /><testcase classname="test_all_routes" name="test_route_smoke[POST api/v2/wameed-ai/customers/segmentation]" time="2.414" /><testcase classname="test_all_routes" name="test_route_smoke[PUT api/v2/wameed-ai/chats/{chatId}/model]" time="2.235" /><testcase classname="test_all_routes" name="test_route_smoke[POST api/v2/wameed-ai/customers/churn-prediction]" time="2.418" /><testcase classname="test_all_routes" name="test_route_smoke[POST api/v2/wameed-ai/communication/marketing-generator]" time="2.293" /><testcase classname="test_all_routes" name="test_route_smoke[POST api/v2/wameed-ai/communication/translate]" time="1.761" /><testcase classname="test_all_routes" name="test_route_smoke[POST api/v2/wameed-ai/customers/spending-patterns]" time="1.521" /><testcase classname="test_all_routes" name="test_route_smoke[PUT api/v2/wameed-ai/config/{featureId}]" time="1.095" /><testcase classname="test_all_routes" name="test_route_smoke[GET api/v2/wameed-ai/features]" time="1.125" /><testcase classname="test_all_routes" name="test_route_smoke[POST api/v2/wameed-ai/customers/sentiment-analysis]" time="1.163" /><testcase classname="test_all_routes" name="test_route_smoke[GET api/v2/wameed-ai/features/cards]" time="1.004" /><testcase classname="test_all_routes" name="test_route_smoke[POST api/v2/wameed-ai/customers/personalized-promotions]" time="0.961" /><testcase classname="test_all_routes" name="test_route_smoke[POST api/v2/wameed-ai/feedback]" time="1.038" /><testcase classname="test_all_routes" name="test_route_smoke[POST api/v2/wameed-ai/financial/cashflow-prediction]" time="1.007" /><testcase classname="test_all_routes" name="test_route_smoke[POST api/v2/wameed-ai/financial/expense-analysis]" time="1.226" /><testcase classname="test_all_routes" name="test_route_smoke[POST api/v2/wameed-ai/financial/margin-analyzer]" time="1.423" /><testcase classname="test_all_routes" name="test_route_smoke[POST api/v2/wameed-ai/inventory/dead-stock]" time="1.310" /><testcase classname="test_all_routes" name="test_route_smoke[POST api/v2/wameed-ai/inventory/seasonal-planning]" time="1.288" /><testcase classname="test_all_routes" name="test_route_smoke[POST api/v2/wameed-ai/inventory/expiry-manager]" time="1.308" /><testcase classname="test_all_routes" name="test_route_smoke[POST api/v2/wameed-ai/inventory/shrinkage-detection]" time="1.311" /><testcase classname="test_all_routes" name="test_route_smoke[POST api/v2/wameed-ai/inventory/smart-reorder]" time="1.454" /><testcase classname="test_all_routes" name="test_route_smoke[POST api/v2/wameed-ai/inventory/supplier-analysis]" time="1.157" /><testcase classname="test_all_routes" name="test_route_smoke[GET api/v2/wameed-ai/models]" time="1.025" /><testcase classname="test_all_routes" name="test_route_smoke[POST api/v2/wameed-ai/operations/efficiency-score]" time="1.224" /><testcase classname="test_all_routes" name="test_route_smoke[POST api/v2/wameed-ai/operations/cashier-errors]" time="0.918" /><testcase classname="test_all_routes" name="test_route_smoke[POST api/v2/wameed-ai/operations/smart-search]" time="1.109" /><testcase classname="test_all_routes" name="test_route_smoke[POST api/v2/wameed-ai/operations/staff-performance]" time="1.112" /><testcase classname="test_all_routes" name="test_route_smoke[POST api/v2/wameed-ai/sales/bundle-suggestions]" time="1.057" /><testcase classname="test_all_routes" name="test_route_smoke[POST api/v2/wameed-ai/sales/forecast]" time="1.058" /><testcase classname="test_all_routes" name="test_route_smoke[POST api/v2/wameed-ai/sales/peak-hours]" time="1.036" /><testcase classname="test_all_routes" name="test_route_smoke[POST api/v2/wameed-ai/sales/daily-summary]" time="0.948" /><testcase classname="test_all_routes" name="test_route_smoke[POST api/v2/wameed-ai/sales/revenue-anomaly]" time="0.738" /><testcase classname="test_all_routes" name="test_route_smoke[GET api/v2/wameed-ai/suggestions]" time="1.035" /><testcase classname="test_all_routes" name="test_route_smoke[POST api/v2/wameed-ai/sales/pricing-optimization]" time="0.979" /><testcase classname="test_all_routes" name="test_route_smoke[GET api/v2/wameed-ai/usage]" time="1.268" /><testcase classname="test_all_routes" name="test_route_smoke[PATCH api/v2/wameed-ai/suggestions/{suggestionId}/status]" time="0.836" /><testcase classname="test_all_routes" name="test_route_smoke[GET api/v2/wameed-ai/usage/history]" time="0.887" /><testcase classname="test_all_routes" name="test_route_smoke[GET api/v2/wameed-ai/usage/logs]" time="0.949" /><testcase classname="test_all_routes" name="test_route_smoke[POST api/v2/website/consultation]" time="0.522" /><testcase classname="test_all_routes" name="test_route_smoke[POST api/v2/website/contact]" time="0.478" /><testcase classname="test_all_routes" name="test_route_smoke[GET api/v2/wishlist]" time="1.313" /><testcase classname="test_all_routes" name="test_route_smoke[POST api/v2/wishlist]" time="1.390" /><testcase classname="test_all_routes" name="test_route_smoke[POST api/v2/website/newsletter/subscribe]" time="0.454" /><testcase classname="test_all_routes" name="test_route_smoke[POST api/v2/website/partnership]" time="0.477" /><testcase classname="test_all_routes" name="test_route_smoke[POST api/v2/website/hardware-quote]" time="0.456" /><testcase classname="test_all_routes" name="test_route_smoke[POST api/v2/website/provider-registration]" time="0.400" /><testcase classname="test_all_routes" name="test_route_smoke[DELETE api/v2/wishlist]" time="1.364" /><testcase classname="test_all_routes" name="test_route_smoke[POST api/v2/website/newsletter/unsubscribe]" time="0.752" /><testcase classname="test_all_routes" name="test_route_smoke[GET api/v2/zatca/invoices]" time="1.532" /><testcase classname="test_all_routes" name="test_route_smoke[GET api/v2/zatca/invoices/{invoiceId}/xml]" time="1.402" /><testcase classname="test_all_routes" name="test_route_smoke[POST api/v2/zatca/renew]" time="1.495" /><testcase classname="test_all_routes" name="test_route_smoke[POST api/v2/zatca/submit-batch]" time="1.488" /><testcase classname="test_all_routes" name="test_route_smoke[GET api/v2/zatca/vat-report]" time="0.961" /><testcase classname="test_all_routes" name="test_route_smoke[GET api/v2/zatca/compliance-summary]" time="0.948" /><testcase classname="test_all_routes" name="test_route_smoke[POST api/v2/zatca/enroll]" time="0.887" /><testcase classname="test_all_routes" name="test_route_smoke[POST api/v2/zatca/submit-invoice]" time="0.669" /></testsuite></testsuites>